[2020-05-04T18:45:05.224] [INFO] default - traceId:733174d8-7150-4b11-b869-7225b3e3d9d2
[2020-05-04T18:45:05.244] [INFO] default - [35msql执行：=> SELECT	sys_resource.*  FROM  sys_user_role[39m
[35m      INNER JOIN sys_role_permmision ON sys_user_role.role_id = sys_role_permmision.role_id[39m
[35m      INNER JOIN sys_resource ON sys_role_permmision.res_id = sys_resource.res_id[39m
[35m      WHERE user_id = 1 AND type < 3 GROUP BY res_id ORDER BY sort ASC[39m
[2020-05-04T18:45:05.282] [INFO] default - [35msql执行：=> SELECT	sys_resource.perms FROM  sys_user_role[39m
[35m      INNER JOIN sys_role_permmision ON sys_user_role.role_id = sys_role_permmision.role_id[39m
[35m      INNER JOIN sys_resource ON sys_role_permmision.res_id = sys_resource.res_id[39m
[35m      WHERE user_id = 1 AND type > 1 GROUP BY perms ORDER BY sort ASC[39m
[2020-05-04T18:45:05.308] [INFO] default - [35msql执行：=> SELECT user_id, nick_name, phone, password, avatar, email FROM sys_user WHERE user_id = 1[39m
[2020-05-04T18:45:05.337] [INFO] default - traceId:733174d8-7150-4b11-b869-7225b3e3d9d2
[2020-05-04T18:45:05.338] [INFO] default - host:localhost
[2020-05-04T18:45:05.339] [INFO] default - method: [GET] URL: /api/getUserMenuList
[2020-05-04T18:45:05.340] [INFO] default - req-query:{}
[2020-05-04T18:45:05.344] [INFO] default - req-params:{}
[2020-05-04T18:45:05.346] [INFO] default - req-body:{}
[2020-05-04T18:45:05.665] [INFO] default - traceId:de7b510e-f995-4421-98dc-fabdf21f8210
[2020-05-04T18:45:05.669] [INFO] default - traceId:de7b510e-f995-4421-98dc-fabdf21f8210
[2020-05-04T18:45:05.670] [INFO] default - host:localhost
[2020-05-04T18:45:05.671] [ERROR] default - method: [GET] URL: /api/operationLos/list?page=1&pageSize=10
[2020-05-04T18:45:05.672] [ERROR] default - req-query:{"page":"1","pageSize":"10"}
[2020-05-04T18:45:05.673] [ERROR] default - req-params:{}
[2020-05-04T18:45:05.673] [ERROR] default - req-body:{}
[2020-05-04T18:46:28.774] [INFO] default - traceId:bfe3f357-470e-47d7-b222-3e0b91709ee0
[2020-05-04T18:46:28.786] [INFO] default - [35msql执行：=> SELECT * FROM sys_user LIMIT 0, 10[39m
[2020-05-04T18:46:28.814] [INFO] default - [35msql执行：=> SELECT COUNT(user_id) AS count FROM sys_user;[39m
[2020-05-04T18:46:28.844] [INFO] default - [35msql执行：=> SELECT * FROM sys_user_role[39m
[2020-05-04T18:46:28.871] [INFO] default - [35msql执行：=> SELECT * FROM sys_role[39m
[2020-05-04T18:46:28.900] [INFO] default - traceId:bfe3f357-470e-47d7-b222-3e0b91709ee0
[2020-05-04T18:46:28.902] [INFO] default - host:localhost
[2020-05-04T18:46:28.903] [INFO] default - method: [GET] URL: /api/user/list?page=1&pageSize=10&currentPage=1
[2020-05-04T18:46:28.968] [INFO] default - req-query:{"currentPage":"1"}
[2020-05-04T18:46:29.000] [INFO] default - req-params:{}
[2020-05-04T18:46:29.005] [INFO] default - req-body:{}
[2020-05-04T18:46:29.013] [INFO] default - traceId:0b79e141-9dc1-47ba-9949-fb17a10c9b4b
[2020-05-04T18:46:29.018] [INFO] default - [35msql执行：=> SELECT * FROM sys_role[39m
[2020-05-04T18:46:29.044] [INFO] default - traceId:0b79e141-9dc1-47ba-9949-fb17a10c9b4b
[2020-05-04T18:46:29.064] [INFO] default - host:localhost
[2020-05-04T18:46:29.065] [INFO] default - method: [GET] URL: /api/role/list
[2020-05-04T18:46:29.067] [INFO] default - req-query:{}
[2020-05-04T18:46:29.068] [INFO] default - req-params:{}
[2020-05-04T18:46:29.069] [INFO] default - req-body:{}
[2020-05-04T18:47:00.055] [INFO] default - traceId:58b187c9-dd69-4c0a-958d-ccc4480cadb9
[2020-05-04T18:47:00.060] [INFO] default - [35msql执行：=> SELECT * FROM sys_resource where 1=1  LIMIT 0, 10 [39m
[2020-05-04T18:47:00.087] [INFO] default - [35msql执行：=> SELECT COUNT(res_id) AS count FROM sys_resource where 1=1 [39m
[2020-05-04T18:47:00.114] [INFO] default - [35msql执行：=> SELECT res_name, res_id, parent_id FROM sys_resource WHERE type < 3 ORDER BY sort ASC;[39m
[2020-05-04T18:47:00.142] [INFO] default - traceId:58b187c9-dd69-4c0a-958d-ccc4480cadb9
[2020-05-04T18:47:00.144] [INFO] default - host:localhost
[2020-05-04T18:47:00.145] [INFO] default - method: [GET] URL: /api/menu/list/?page=1&pageSize=10
[2020-05-04T18:47:00.146] [INFO] default - req-query:{}
[2020-05-04T18:47:00.147] [INFO] default - req-params:{}
[2020-05-04T18:47:00.148] [INFO] default - req-body:{}
[2020-05-04T18:47:00.229] [INFO] default - traceId:7e93b7c5-872d-4643-bc1b-7dff05b81868
[2020-05-04T18:47:00.233] [INFO] default - [35msql执行：=> SELECT res_name, res_id, parent_id FROM sys_resource WHERE type < 3 ORDER BY sort ASC;[39m
[2020-05-04T18:47:00.260] [INFO] default - traceId:7e93b7c5-872d-4643-bc1b-7dff05b81868
[2020-05-04T18:47:00.264] [INFO] default - host:localhost
[2020-05-04T18:47:00.273] [INFO] default - method: [GET] URL: /api/menu/selectMenuList
[2020-05-04T18:47:00.274] [INFO] default - req-query:{}
[2020-05-04T18:47:00.276] [INFO] default - req-params:{}
[2020-05-04T18:47:00.277] [INFO] default - req-body:{}
[2020-05-04T18:47:06.800] [INFO] default - traceId:146f39f9-6fe2-431b-9a63-4fb5e8155b7f
[2020-05-04T18:47:06.811] [INFO] default - [35msql执行：=> SELECT * FROM sys_role[39m
[2020-05-04T18:47:06.837] [INFO] default - traceId:146f39f9-6fe2-431b-9a63-4fb5e8155b7f
[2020-05-04T18:47:06.856] [INFO] default - host:localhost
[2020-05-04T18:47:06.859] [INFO] default - method: [GET] URL: /api/role/list
[2020-05-04T18:47:06.864] [INFO] default - req-query:{}
[2020-05-04T18:47:06.881] [INFO] default - req-params:{}
[2020-05-04T18:47:06.883] [INFO] default - req-body:{}
[2020-05-04T18:47:10.796] [INFO] default - traceId:4c947a23-74d7-43a5-b690-b57034e8f4a1
[2020-05-04T18:47:10.818] [INFO] default - traceId:336b642d-0578-43bc-abcb-e279f6002fc7
[2020-05-04T18:47:10.827] [INFO] default - [35msql执行：=> SELECT	sys_resource.res_id,  sys_resource.parent_id, sys_resource.res_name FROM sys_resource ORDER BY sort ASC;[39m
[2020-05-04T18:47:10.830] [INFO] default - [35msql执行：=> SELECT sys_role_permmision.res_id FROM sys_role_permmision WHERE role_id = 5;[39m
[2020-05-04T18:47:10.857] [INFO] default - traceId:336b642d-0578-43bc-abcb-e279f6002fc7
[2020-05-04T18:47:10.858] [INFO] default - host:localhost
[2020-05-04T18:47:10.861] [INFO] default - method: [GET] URL: /api/menu/sysMenutree/
[2020-05-04T18:47:10.861] [INFO] default - req-query:{}
[2020-05-04T18:47:10.863] [INFO] default - req-params:{}
[2020-05-04T18:47:10.863] [INFO] default - req-body:{}
[2020-05-04T18:47:10.881] [INFO] default - traceId:4c947a23-74d7-43a5-b690-b57034e8f4a1
[2020-05-04T18:47:10.882] [INFO] default - host:localhost
[2020-05-04T18:47:10.883] [INFO] default - method: [GET] URL: /api/role/getRoleTreePer/?role_id=5
[2020-05-04T18:47:10.884] [INFO] default - req-query:{"role_id":"5"}
[2020-05-04T18:47:10.886] [INFO] default - req-params:{}
[2020-05-04T18:47:10.887] [INFO] default - req-body:{}
[2020-05-04T18:47:16.737] [INFO] default - traceId:d25596e8-a5a2-41a1-b22b-28e3ffa6c4b5
[2020-05-04T18:47:16.742] [INFO] default - [35msql执行：=> UPDATE sys_role SET role_code='hy', role_name='会员' WHERE role_id=5[39m
[2020-05-04T18:47:16.778] [INFO] default - traceId:d25596e8-a5a2-41a1-b22b-28e3ffa6c4b5
[2020-05-04T18:47:16.780] [INFO] default - host:localhost
[2020-05-04T18:47:16.781] [INFO] default - method: [PUT] URL: /api/role/updateRole
[2020-05-04T18:47:16.782] [INFO] default - req-query:{}
[2020-05-04T18:47:16.783] [INFO] default - req-params:{}
[2020-05-04T18:47:16.787] [INFO] default - req-body:{"role_id":5,"role_name":"会员","role_code":"hy"}
[2020-05-04T18:47:17.112] [INFO] default - traceId:fc781b31-8971-4301-b833-368e71695d14
[2020-05-04T18:47:17.118] [INFO] default - [35msql执行：=> SELECT * FROM sys_role[39m
[2020-05-04T18:47:17.145] [INFO] default - traceId:fc781b31-8971-4301-b833-368e71695d14
[2020-05-04T18:47:17.146] [INFO] default - host:localhost
[2020-05-04T18:47:17.147] [INFO] default - method: [GET] URL: /api/role/list
[2020-05-04T18:47:17.149] [INFO] default - req-query:{}
[2020-05-04T18:47:17.151] [INFO] default - req-params:{}
[2020-05-04T18:47:17.164] [INFO] default - req-body:{}
