[2020-04-30T00:00:46.801] [INFO] default - traceId:f98ec5b3-b4e9-4c5e-9e1e-06f8ec0f912e
[2020-04-30T00:00:46.821] [INFO] default - [35msqlæ‰§è¡Œï¼š=> SELECT	sys_resource.*  FROM  sys_user_role[39m
[35m      INNER JOIN sys_role_permmision ON sys_user_role.role_id = sys_role_permmision.role_id[39m
[35m      INNER JOIN sys_resource ON sys_role_permmision.res_id = sys_resource.res_id[39m
[35m      WHERE user_id = 1 AND type < 3 GROUP BY res_id ORDER BY sort ASC[39m
[2020-04-30T00:00:46.847] [INFO] default - [35msqlæ‰§è¡Œï¼š=> SELECT	sys_resource.perms FROM  sys_user_role[39m
[35m      INNER JOIN sys_role_permmision ON sys_user_role.role_id = sys_role_permmision.role_id[39m
[35m      INNER JOIN sys_resource ON sys_role_permmision.res_id = sys_resource.res_id[39m
[35m      WHERE user_id = 1 AND type > 1 GROUP BY perms ORDER BY sort ASC[39m
[2020-04-30T00:03:59.742] [INFO] default - traceId:30c98b7d-f125-47f5-9f8f-93cd8576bb66
[2020-04-30T00:04:00.044] [INFO] default - [35msqlæ‰§è¡Œï¼š=> SELECT	sys_resource.*  FROM  sys_user_role[39m
[35m      INNER JOIN sys_role_permmision ON sys_user_role.role_id = sys_role_permmision.role_id[39m
[35m      INNER JOIN sys_resource ON sys_role_permmision.res_id = sys_resource.res_id[39m
[35m      WHERE user_id = 1 AND type < 3 GROUP BY res_id ORDER BY sort ASC[39m
[2020-04-30T00:04:00.064] [INFO] default - [35msqlæ‰§è¡Œï¼š=> SELECT	sys_resource.perms FROM  sys_user_role[39m
[35m      INNER JOIN sys_role_permmision ON sys_user_role.role_id = sys_role_permmision.role_id[39m
[35m      INNER JOIN sys_resource ON sys_role_permmision.res_id = sys_resource.res_id[39m
[35m      WHERE user_id = 1 AND type > 1 GROUP BY perms ORDER BY sort ASC[39m
[2020-04-30T09:22:11.353] [INFO] default - traceId:e5f2235e-11f6-4d2f-8bdf-44d902e430db
[2020-04-30T09:22:11.365] [INFO] default - traceId:e5f2235e-11f6-4d2f-8bdf-44d902e430db
[2020-04-30T09:22:11.400] [INFO] default - host:localhost
[2020-04-30T09:22:11.401] [ERROR] default - method: [GET] URL: /api/getUserMenuList
[2020-04-30T09:22:11.402] [ERROR] default - req-query:{}
[2020-04-30T09:22:11.402] [ERROR] default - req-params:{}
[2020-04-30T09:22:11.406] [ERROR] default - req-body:{}
[2020-04-30T09:22:12.638] [INFO] default - traceId:a5530b60-a1fa-4885-a251-38be1acc1d40
[2020-04-30T09:22:23.286] [INFO] default - traceId:ca684dc3-999a-4d65-8745-d1e62b21a1d2
[2020-04-30T09:22:28.993] [INFO] default - traceId:e30b4dec-4145-491b-8975-10bbd7c47e3c
[2020-04-30T09:22:37.359] [INFO] default - traceId:0dfb48ae-ae2f-4e71-84a4-32401c760f8a
[2020-04-30T09:22:37.395] [INFO] default - [35msqlæ‰§è¡Œï¼š=> INSERT INTO sys_login_logs (user_id, user_name, login_time, login_ip, login_address, login_description, login_agent) VALUES([39m
[35m      null,    [39m
[35m      '',[39m
[35m      now(),[39m
[35m      'localhost',[39m
[35m      'æœ¬åœ°ç™»å…¥',[39m
[35m      'ç”¨æˆ·å¯†ç é”™è¯¯',[39m
[35m      'Windows 6.1'[39m
[35m    )[39m
[2020-04-30T09:22:37.433] [INFO] default - traceId:0dfb48ae-ae2f-4e71-84a4-32401c760f8a
[2020-04-30T09:22:37.434] [INFO] default - host:localhost
[2020-04-30T09:22:37.435] [ERROR] default - method: [POST] URL: /api/login
[2020-04-30T09:22:37.437] [ERROR] default - req-query:{}
[2020-04-30T09:22:37.438] [ERROR] default - req-params:{}
[2020-04-30T09:22:37.439] [ERROR] default - req-body:{"phone":110,"password":"123","code":"18d3"}
[2020-04-30T09:22:41.621] [INFO] default - traceId:c40145d9-1e94-48c7-8e81-f31aab5bac01
[2020-04-30T09:22:41.626] [INFO] default - [35msqlæ‰§è¡Œï¼š=> INSERT INTO sys_login_logs (user_id, user_name, login_time, login_ip, login_address, login_description, login_agent) VALUES([39m
[35m      null,    [39m
[35m      '',[39m
[35m      now(),[39m
[35m      'localhost',[39m
[35m      'æœ¬åœ°ç™»å…¥',[39m
[35m      'ç”¨æˆ·å¯†ç é”™è¯¯',[39m
[35m      'Windows 6.1'[39m
[35m    )[39m
[2020-04-30T09:22:41.633] [INFO] default - traceId:c40145d9-1e94-48c7-8e81-f31aab5bac01
[2020-04-30T09:22:41.634] [INFO] default - host:localhost
[2020-04-30T09:22:41.634] [ERROR] default - method: [POST] URL: /api/login
[2020-04-30T09:22:41.636] [ERROR] default - req-query:{}
[2020-04-30T09:22:41.636] [ERROR] default - req-params:{}
[2020-04-30T09:22:41.637] [ERROR] default - req-body:{"phone":110,"password":"123","code":"18d3"}
[2020-04-30T09:24:07.091] [INFO] default - traceId:6de5da5e-b27d-4b18-b5c9-36c88c707af0
[2020-04-30T09:24:07.101] [INFO] default - [35msqlæ‰§è¡Œï¼š=> INSERT INTO sys_login_logs (user_id, user_name, login_time, login_ip, login_address, login_description, login_agent) VALUES([39m
[35m      null,    [39m
[35m      '',[39m
[35m      now(),[39m
[35m      'localhost',[39m
[35m      'æœ¬åœ°ç™»å…¥',[39m
[35m      'ç”¨æˆ·å¯†ç é”™è¯¯',[39m
[35m      'Windows 6.1'[39m
[35m    )[39m
[2020-04-30T09:24:07.114] [INFO] default - traceId:6de5da5e-b27d-4b18-b5c9-36c88c707af0
[2020-04-30T09:24:07.115] [INFO] default - host:localhost
[2020-04-30T09:24:07.124] [ERROR] default - method: [POST] URL: /api/login
[2020-04-30T09:24:07.127] [ERROR] default - req-query:{}
[2020-04-30T09:24:07.128] [ERROR] default - req-params:{}
[2020-04-30T09:24:07.129] [ERROR] default - req-body:{"phone":110,"password":"123","code":"18d3"}
[2020-04-30T09:25:17.457] [INFO] default - traceId:e209a8c4-f8c1-4294-ade0-fe34476befd9
[2020-04-30T09:25:17.466] [INFO] default - [35msqlæ‰§è¡Œï¼š=> INSERT INTO sys_login_logs (user_id, user_name, login_time, login_ip, login_address, login_description, login_agent) VALUES([39m
[35m      1,    [39m
[35m      'çŽ‹å¸Œå¹³',[39m
[35m      now(),[39m
[35m      'localhost',[39m
[35m      'æœ¬åœ°ç™»å…¥',[39m
[35m      'ç™»å½•æˆåŠŸï¼',[39m
[35m      'Windows 6.1'[39m
[35m    )[39m
[2020-04-30T09:25:17.497] [INFO] default - traceId:e209a8c4-f8c1-4294-ade0-fe34476befd9
[2020-04-30T09:25:17.498] [INFO] default - host:localhost
[2020-04-30T09:25:17.509] [INFO] default - method: [POST] URL: /api/login
[2020-04-30T09:25:17.510] [INFO] default - req-query:{}
[2020-04-30T09:25:17.511] [INFO] default - req-params:{}
[2020-04-30T09:25:17.512] [INFO] default - req-body:{"phone":110,"password":"123","code":"18d3"}
[2020-04-30T09:25:17.704] [INFO] default - traceId:c8b1d6cc-a490-4bd0-ba3e-a907cf1b11b3
[2020-04-30T09:25:17.708] [INFO] default - [35msqlæ‰§è¡Œï¼š=> SELECT	sys_resource.*  FROM  sys_user_role[39m
[35m      INNER JOIN sys_role_permmision ON sys_user_role.role_id = sys_role_permmision.role_id[39m
[35m      INNER JOIN sys_resource ON sys_role_permmision.res_id = sys_resource.res_id[39m
[35m      WHERE user_id = 1 AND type < 3 GROUP BY res_id ORDER BY sort ASC[39m
[2020-04-30T09:25:17.718] [INFO] default - [35msqlæ‰§è¡Œï¼š=> SELECT	sys_resource.perms FROM  sys_user_role[39m
[35m      INNER JOIN sys_role_permmision ON sys_user_role.role_id = sys_role_permmision.role_id[39m
[35m      INNER JOIN sys_resource ON sys_role_permmision.res_id = sys_resource.res_id[39m
[35m      WHERE user_id = 1 AND type > 1 GROUP BY perms ORDER BY sort ASC[39m
[2020-04-30T09:26:08.948] [INFO] default - traceId:7c9286ed-9d57-470d-896f-32caa5aa516c
[2020-04-30T09:26:08.959] [INFO] default - [35msqlæ‰§è¡Œï¼š=> SELECT	sys_resource.*  FROM  sys_user_role[39m
[35m      INNER JOIN sys_role_permmision ON sys_user_role.role_id = sys_role_permmision.role_id[39m
[35m      INNER JOIN sys_resource ON sys_role_permmision.res_id = sys_resource.res_id[39m
[35m      WHERE user_id = 1 AND type < 3 GROUP BY res_id ORDER BY sort ASC[39m
[2020-04-30T09:26:08.969] [INFO] default - [35msqlæ‰§è¡Œï¼š=> SELECT	sys_resource.perms FROM  sys_user_role[39m
[35m      INNER JOIN sys_role_permmision ON sys_user_role.role_id = sys_role_permmision.role_id[39m
[35m      INNER JOIN sys_resource ON sys_role_permmision.res_id = sys_resource.res_id[39m
[35m      WHERE user_id = 1 AND type > 1 GROUP BY perms[39m
[2020-04-30T09:26:09.021] [INFO] default - traceId:7c9286ed-9d57-470d-896f-32caa5aa516c
[2020-04-30T09:26:09.024] [INFO] default - host:localhost
[2020-04-30T09:26:09.025] [INFO] default - method: [GET] URL: /api/getUserMenuList
[2020-04-30T09:26:09.026] [INFO] default - req-query:{}
[2020-04-30T09:26:09.030] [INFO] default - req-params:{}
[2020-04-30T09:26:09.032] [INFO] default - req-body:{}
[2020-04-30T09:26:12.473] [INFO] default - traceId:e7bb0dc2-25c3-4e19-b507-09f9d649bc7b
[2020-04-30T09:26:12.477] [INFO] default - [35msqlæ‰§è¡Œï¼š=> SELECT * FROM sys_user_role[39m
[2020-04-30T09:26:12.480] [INFO] default - [35msqlæ‰§è¡Œï¼š=> SELECT * FROM sys_role[39m
[2020-04-30T09:26:12.483] [INFO] default - [35msqlæ‰§è¡Œï¼š=> SELECT * FROM sys_login_logs  ORDER BY login_time DESC LIMIT 0, 10 [39m
[2020-04-30T09:26:12.486] [INFO] default - [35msqlæ‰§è¡Œï¼š=> SELECT COUNT(id) AS count FROM sys_login_logs[39m
[2020-04-30T09:26:12.504] [INFO] default - traceId:e7bb0dc2-25c3-4e19-b507-09f9d649bc7b
[2020-04-30T09:26:12.514] [INFO] default - host:localhost
[2020-04-30T09:26:12.515] [INFO] default - method: [GET] URL: /api/loginLogs/list?page=1&pageSize=10
[2020-04-30T09:26:12.516] [INFO] default - req-query:{}
[2020-04-30T09:26:12.518] [INFO] default - req-params:{}
[2020-04-30T09:26:12.534] [INFO] default - req-body:{}
[2020-04-30T09:26:13.764] [INFO] default - traceId:07d69483-b6a1-46af-abef-c3b4cfabaae3
[2020-04-30T09:26:13.768] [INFO] default - [35msqlæ‰§è¡Œï¼š=> SELECT * FROM sys_resource where 1=1  LIMIT 0, 10 [39m
[2020-04-30T09:26:13.771] [INFO] default - [35msqlæ‰§è¡Œï¼š=> SELECT COUNT(res_id) AS count FROM sys_resource where 1=1 [39m
[2020-04-30T09:26:13.773] [INFO] default - [35msqlæ‰§è¡Œï¼š=> SELECT res_name, res_id, parent_id FROM sys_resource WHERE type < 3 ORDER BY sort ASC;[39m
[2020-04-30T09:26:13.775] [INFO] default - traceId:07d69483-b6a1-46af-abef-c3b4cfabaae3
[2020-04-30T09:26:13.776] [INFO] default - host:localhost
[2020-04-30T09:26:13.776] [INFO] default - method: [GET] URL: /api/menu/list/?page=1&pageSize=10
[2020-04-30T09:26:13.777] [INFO] default - req-query:{}
[2020-04-30T09:26:13.778] [INFO] default - req-params:{}
[2020-04-30T09:26:13.778] [INFO] default - req-body:{}
[2020-04-30T09:26:14.098] [INFO] default - traceId:20f45201-b3f3-4be9-a4b0-95b8d95586c3
[2020-04-30T09:26:14.103] [INFO] default - [35msqlæ‰§è¡Œï¼š=> SELECT res_name, res_id, parent_id FROM sys_resource WHERE type < 3 ORDER BY sort ASC;[39m
[2020-04-30T09:26:14.108] [INFO] default - traceId:20f45201-b3f3-4be9-a4b0-95b8d95586c3
[2020-04-30T09:26:14.109] [INFO] default - host:localhost
[2020-04-30T09:26:14.110] [INFO] default - method: [GET] URL: /api/menu/selectMenuList
[2020-04-30T09:26:14.111] [INFO] default - req-query:{}
[2020-04-30T09:26:14.112] [INFO] default - req-params:{}
[2020-04-30T09:26:14.113] [INFO] default - req-body:{}
[2020-04-30T09:26:39.788] [INFO] default - traceId:d8b7404b-0bb5-4cc0-9a11-8e6c31b736d0
[2020-04-30T09:26:40.030] [INFO] default - [35msqlæ‰§è¡Œï¼š=> SELECT	sys_resource.*  FROM  sys_user_role[39m
[35m      INNER JOIN sys_role_permmision ON sys_user_role.role_id = sys_role_permmision.role_id[39m
[35m      INNER JOIN sys_resource ON sys_role_permmision.res_id = sys_resource.res_id[39m
[35m      WHERE user_id = 1 AND type < 3 GROUP BY res_id ORDER BY sort ASC[39m
[2020-04-30T09:26:40.065] [INFO] default - [35msqlæ‰§è¡Œï¼š=> SELECT	sys_resource.perms FROM  sys_user_role[39m
[35m      INNER JOIN sys_role_permmision ON sys_user_role.role_id = sys_role_permmision.role_id[39m
[35m      INNER JOIN sys_resource ON sys_role_permmision.res_id = sys_resource.res_id[39m
[35m      WHERE user_id = 1 AND type > 1 GROUP BY perms[39m
[2020-04-30T09:26:40.094] [INFO] default - traceId:d8b7404b-0bb5-4cc0-9a11-8e6c31b736d0
[2020-04-30T09:26:40.112] [INFO] default - host:localhost
[2020-04-30T09:26:40.113] [INFO] default - method: [GET] URL: /api/getUserMenuList
[2020-04-30T09:26:40.114] [INFO] default - req-query:{}
[2020-04-30T09:26:40.115] [INFO] default - req-params:{}
[2020-04-30T09:26:40.115] [INFO] default - req-body:{}
[2020-04-30T09:26:40.424] [INFO] default - traceId:766bd196-83ab-4c05-98bf-edb418a5873a
[2020-04-30T09:26:40.428] [INFO] default - [35msqlæ‰§è¡Œï¼š=> SELECT * FROM sys_resource where 1=1  LIMIT 0, 10 [39m
[2020-04-30T09:26:40.430] [INFO] default - [35msqlæ‰§è¡Œï¼š=> SELECT COUNT(res_id) AS count FROM sys_resource where 1=1 [39m
[2020-04-30T09:26:40.434] [INFO] default - [35msqlæ‰§è¡Œï¼š=> SELECT res_name, res_id, parent_id FROM sys_resource WHERE type < 3 [39m
[2020-04-30T09:26:40.439] [INFO] default - traceId:766bd196-83ab-4c05-98bf-edb418a5873a
[2020-04-30T09:26:40.441] [INFO] default - host:localhost
[2020-04-30T09:26:40.444] [INFO] default - method: [GET] URL: /api/menu/list/?page=1&pageSize=10
[2020-04-30T09:26:40.453] [INFO] default - req-query:{}
[2020-04-30T09:26:40.455] [INFO] default - req-params:{}
[2020-04-30T09:26:40.455] [INFO] default - req-body:{}
[2020-04-30T09:26:40.466] [INFO] default - traceId:822a7379-3a15-4482-a856-3ed99e7719cd
[2020-04-30T09:26:40.468] [INFO] default - [35msqlæ‰§è¡Œï¼š=> SELECT res_name, res_id, parent_id FROM sys_resource WHERE type < 3 [39m
[2020-04-30T09:26:40.470] [INFO] default - traceId:822a7379-3a15-4482-a856-3ed99e7719cd
[2020-04-30T09:26:40.472] [INFO] default - host:localhost
[2020-04-30T09:26:40.473] [INFO] default - method: [GET] URL: /api/menu/selectMenuList
[2020-04-30T09:26:40.473] [INFO] default - req-query:{}
[2020-04-30T09:26:40.474] [INFO] default - req-params:{}
[2020-04-30T09:26:40.475] [INFO] default - req-body:{}
[2020-04-30T09:27:06.806] [INFO] default - traceId:74015fc6-373b-4c1a-b624-76cd372930d8
[2020-04-30T09:27:06.815] [INFO] default - [35msqlæ‰§è¡Œï¼š=> SELECT	sys_resource.*  FROM  sys_user_role[39m
[35m      INNER JOIN sys_role_permmision ON sys_user_role.role_id = sys_role_permmision.role_id[39m
[35m      INNER JOIN sys_resource ON sys_role_permmision.res_id = sys_resource.res_id[39m
[35m      WHERE user_id = 1 AND type < 3 GROUP BY res_id ORDER BY sort ASC[39m
[2020-04-30T09:27:06.821] [INFO] default - [35msqlæ‰§è¡Œï¼š=> SELECT	sys_resource.perms FROM  sys_user_role[39m
[35m      INNER JOIN sys_role_permmision ON sys_user_role.role_id = sys_role_permmision.role_id[39m
[35m      INNER JOIN sys_resource ON sys_role_permmision.res_id = sys_resource.res_id[39m
[35m      WHERE user_id = 1 AND type > 1 GROUP BY perms[39m
[2020-04-30T09:27:07.121] [INFO] default - traceId:74015fc6-373b-4c1a-b624-76cd372930d8
[2020-04-30T09:27:07.122] [INFO] default - host:localhost
[2020-04-30T09:27:07.123] [INFO] default - method: [GET] URL: /api/getUserMenuList
[2020-04-30T09:27:07.128] [INFO] default - req-query:{}
[2020-04-30T09:27:07.130] [INFO] default - req-params:{}
[2020-04-30T09:27:07.131] [INFO] default - req-body:{}
[2020-04-30T09:27:07.411] [INFO] default - traceId:06c06b75-7811-4e28-8371-31380e4a51fb
[2020-04-30T09:27:07.416] [INFO] default - [35msqlæ‰§è¡Œï¼š=> SELECT * FROM sys_resource where 1=1  LIMIT 0, 10 [39m
[2020-04-30T09:27:07.418] [INFO] default - [35msqlæ‰§è¡Œï¼š=> SELECT COUNT(res_id) AS count FROM sys_resource where 1=1 [39m
[2020-04-30T09:27:07.421] [INFO] default - [35msqlæ‰§è¡Œï¼š=> SELECT res_name, res_id, parent_id FROM sys_resource WHERE type < 3 ORDER BY sort ASC;[39m
[2020-04-30T09:27:07.429] [INFO] default - traceId:06c06b75-7811-4e28-8371-31380e4a51fb
[2020-04-30T09:27:07.430] [INFO] default - host:localhost
[2020-04-30T09:27:07.431] [INFO] default - method: [GET] URL: /api/menu/list/?page=1&pageSize=10
[2020-04-30T09:27:07.431] [INFO] default - req-query:{}
[2020-04-30T09:27:07.432] [INFO] default - req-params:{}
[2020-04-30T09:27:07.433] [INFO] default - req-body:{}
[2020-04-30T09:27:07.449] [INFO] default - traceId:afd58e14-b9f6-4d5e-8cfb-6c1a27895f9d
[2020-04-30T09:27:07.451] [INFO] default - [35msqlæ‰§è¡Œï¼š=> SELECT res_name, res_id, parent_id FROM sys_resource WHERE type < 3 ORDER BY sort ASC;[39m
[2020-04-30T09:27:07.459] [INFO] default - traceId:afd58e14-b9f6-4d5e-8cfb-6c1a27895f9d
[2020-04-30T09:27:07.460] [INFO] default - host:localhost
[2020-04-30T09:27:07.460] [INFO] default - method: [GET] URL: /api/menu/selectMenuList
[2020-04-30T09:27:07.461] [INFO] default - req-query:{}
[2020-04-30T09:27:07.462] [INFO] default - req-params:{}
[2020-04-30T09:27:07.462] [INFO] default - req-body:{}
[2020-04-30T09:27:19.997] [INFO] default - traceId:6ab44ccd-4248-4eae-9197-b1d0c6d15903
[2020-04-30T09:27:20.013] [INFO] default - [35msqlæ‰§è¡Œï¼š=> SELECT	sys_resource.*  FROM  sys_user_role[39m
[35m      INNER JOIN sys_role_permmision ON sys_user_role.role_id = sys_role_permmision.role_id[39m
[35m      INNER JOIN sys_resource ON sys_role_permmision.res_id = sys_resource.res_id[39m
[35m      WHERE user_id = 1 AND type < 3 GROUP BY res_id [39m
[2020-04-30T09:27:20.023] [INFO] default - [35msqlæ‰§è¡Œï¼š=> SELECT	sys_resource.perms FROM  sys_user_role[39m
[35m      INNER JOIN sys_role_permmision ON sys_user_role.role_id = sys_role_permmision.role_id[39m
[35m      INNER JOIN sys_resource ON sys_role_permmision.res_id = sys_resource.res_id[39m
[35m      WHERE user_id = 1 AND type > 1 GROUP BY perms[39m
[2020-04-30T09:27:20.164] [INFO] default - traceId:6ab44ccd-4248-4eae-9197-b1d0c6d15903
[2020-04-30T09:27:20.166] [INFO] default - host:localhost
[2020-04-30T09:27:20.168] [INFO] default - method: [GET] URL: /api/getUserMenuList
[2020-04-30T09:27:20.170] [INFO] default - req-query:{}
[2020-04-30T09:27:20.171] [INFO] default - req-params:{}
[2020-04-30T09:27:20.201] [INFO] default - req-body:{}
[2020-04-30T09:27:20.563] [INFO] default - traceId:bde4a4a2-d59f-4164-9f8e-c4a69fbca971
[2020-04-30T09:27:20.576] [INFO] default - [35msqlæ‰§è¡Œï¼š=> SELECT * FROM sys_resource where 1=1  LIMIT 0, 10 [39m
[2020-04-30T09:27:20.592] [INFO] default - [35msqlæ‰§è¡Œï¼š=> SELECT COUNT(res_id) AS count FROM sys_resource where 1=1 [39m
[2020-04-30T09:27:20.598] [INFO] default - [35msqlæ‰§è¡Œï¼š=> SELECT res_name, res_id, parent_id FROM sys_resource WHERE type < 3 ORDER BY sort ASC;[39m
[2020-04-30T09:27:20.602] [INFO] default - traceId:bde4a4a2-d59f-4164-9f8e-c4a69fbca971
[2020-04-30T09:27:20.627] [INFO] default - host:localhost
[2020-04-30T09:27:20.631] [INFO] default - method: [GET] URL: /api/menu/list/?page=1&pageSize=10
[2020-04-30T09:27:20.632] [INFO] default - req-query:{}
[2020-04-30T09:27:20.632] [INFO] default - req-params:{}
[2020-04-30T09:27:20.633] [INFO] default - req-body:{}
[2020-04-30T09:27:20.658] [INFO] default - traceId:fd5e97f9-4414-4dc9-be77-2f7c06294ffb
[2020-04-30T09:27:20.661] [INFO] default - [35msqlæ‰§è¡Œï¼š=> SELECT res_name, res_id, parent_id FROM sys_resource WHERE type < 3 ORDER BY sort ASC;[39m
[2020-04-30T09:27:20.663] [INFO] default - traceId:fd5e97f9-4414-4dc9-be77-2f7c06294ffb
[2020-04-30T09:27:20.666] [INFO] default - host:localhost
[2020-04-30T09:27:20.667] [INFO] default - method: [GET] URL: /api/menu/selectMenuList
[2020-04-30T09:27:20.668] [INFO] default - req-query:{}
[2020-04-30T09:27:20.669] [INFO] default - req-params:{}
[2020-04-30T09:27:20.670] [INFO] default - req-body:{}
[2020-04-30T09:27:59.521] [INFO] default - traceId:1490f36f-138b-4133-8f5a-6f771fa32efc
[2020-04-30T09:27:59.539] [INFO] default - [35msqlæ‰§è¡Œï¼š=> SELECT	sys_resource.*  FROM  sys_user_role[39m
[35m      INNER JOIN sys_role_permmision ON sys_user_role.role_id = sys_role_permmision.role_id[39m
[35m      INNER JOIN sys_resource ON sys_role_permmision.res_id = sys_resource.res_id[39m
[35m      WHERE user_id = 1 AND type < 3 GROUP BY res_id ORDER BY sort ASC[39m
[2020-04-30T09:27:59.557] [INFO] default - [35msqlæ‰§è¡Œï¼š=> SELECT	sys_resource.perms FROM  sys_user_role[39m
[35m      INNER JOIN sys_role_permmision ON sys_user_role.role_id = sys_role_permmision.role_id[39m
[35m      INNER JOIN sys_resource ON sys_role_permmision.res_id = sys_resource.res_id[39m
[35m      WHERE user_id = 1 AND type > 1 GROUP BY perms[39m
[2020-04-30T09:27:59.813] [INFO] default - traceId:1490f36f-138b-4133-8f5a-6f771fa32efc
[2020-04-30T09:27:59.845] [INFO] default - host:localhost
[2020-04-30T09:27:59.861] [INFO] default - method: [GET] URL: /api/getUserMenuList
[2020-04-30T09:27:59.865] [INFO] default - req-query:{}
[2020-04-30T09:27:59.873] [INFO] default - req-params:{}
[2020-04-30T09:27:59.875] [INFO] default - req-body:{}
[2020-04-30T09:28:00.097] [INFO] default - traceId:29874cbd-b7e0-4904-8da1-7f3b71d15d78
[2020-04-30T09:28:00.102] [INFO] default - [35msqlæ‰§è¡Œï¼š=> SELECT * FROM sys_resource where 1=1  LIMIT 0, 10 [39m
[2020-04-30T09:28:00.106] [INFO] default - [35msqlæ‰§è¡Œï¼š=> SELECT COUNT(res_id) AS count FROM sys_resource where 1=1 [39m
[2020-04-30T09:28:00.108] [INFO] default - [35msqlæ‰§è¡Œï¼š=> SELECT res_name, res_id, parent_id FROM sys_resource WHERE type < 3 ORDER BY sort ASC;[39m
[2020-04-30T09:28:00.114] [INFO] default - traceId:29874cbd-b7e0-4904-8da1-7f3b71d15d78
[2020-04-30T09:28:00.115] [INFO] default - host:localhost
[2020-04-30T09:28:00.118] [INFO] default - method: [GET] URL: /api/menu/list/?page=1&pageSize=10
[2020-04-30T09:28:00.119] [INFO] default - req-query:{}
[2020-04-30T09:28:00.120] [INFO] default - req-params:{}
[2020-04-30T09:28:00.122] [INFO] default - req-body:{}
[2020-04-30T09:28:00.130] [INFO] default - traceId:aac3a468-df27-4605-8ad3-0a837c40429d
[2020-04-30T09:28:00.142] [INFO] default - [35msqlæ‰§è¡Œï¼š=> SELECT res_name, res_id, parent_id FROM sys_resource WHERE type < 3 ORDER BY sort ASC;[39m
[2020-04-30T09:28:00.181] [INFO] default - traceId:aac3a468-df27-4605-8ad3-0a837c40429d
[2020-04-30T09:28:00.181] [INFO] default - host:localhost
[2020-04-30T09:28:00.182] [INFO] default - method: [GET] URL: /api/menu/selectMenuList
[2020-04-30T09:28:00.184] [INFO] default - req-query:{}
[2020-04-30T09:28:00.185] [INFO] default - req-params:{}
[2020-04-30T09:28:00.186] [INFO] default - req-body:{}
[2020-04-30T09:28:43.925] [INFO] default - traceId:97151d47-e346-4ec7-b199-65a685253613
[2020-04-30T09:28:43.934] [INFO] default - [35msqlæ‰§è¡Œï¼š=> SELECT	sys_resource.*  FROM  sys_user_role[39m
[35m      INNER JOIN sys_role_permmision ON sys_user_role.role_id = sys_role_permmision.role_id[39m
[35m      INNER JOIN sys_resource ON sys_role_permmision.res_id = sys_resource.res_id[39m
[35m      WHERE user_id = 1 AND type < 3 GROUP BY res_id ORDER BY sort ASC[39m
[2020-04-30T09:28:43.940] [INFO] default - [35msqlæ‰§è¡Œï¼š=> SELECT	sys_resource.perms FROM  sys_user_role[39m
[35m      INNER JOIN sys_role_permmision ON sys_user_role.role_id = sys_role_permmision.role_id[39m
[35m      INNER JOIN sys_resource ON sys_role_permmision.res_id = sys_resource.res_id[39m
[35m      WHERE user_id = 1 AND type > 1 GROUP BY perms[39m
[2020-04-30T09:28:44.059] [INFO] default - traceId:97151d47-e346-4ec7-b199-65a685253613
[2020-04-30T09:28:44.062] [INFO] default - host:localhost
[2020-04-30T09:28:44.063] [INFO] default - method: [GET] URL: /api/getUserMenuList
[2020-04-30T09:28:44.063] [INFO] default - req-query:{}
[2020-04-30T09:28:44.064] [INFO] default - req-params:{}
[2020-04-30T09:28:44.065] [INFO] default - req-body:{}
[2020-04-30T09:28:44.381] [INFO] default - traceId:81ead3f4-5273-4a3f-bc54-a3592220ce35
[2020-04-30T09:28:44.386] [INFO] default - [35msqlæ‰§è¡Œï¼š=> SELECT * FROM sys_resource where 1=1  LIMIT 0, 10 [39m
[2020-04-30T09:28:44.395] [INFO] default - [35msqlæ‰§è¡Œï¼š=> SELECT COUNT(res_id) AS count FROM sys_resource where 1=1 [39m
[2020-04-30T09:28:44.407] [INFO] default - [35msqlæ‰§è¡Œï¼š=> SELECT res_name, res_id, parent_id FROM sys_resource WHERE type < 3 ORDER BY sort ASC;[39m
[2020-04-30T09:28:44.423] [INFO] default - traceId:81ead3f4-5273-4a3f-bc54-a3592220ce35
[2020-04-30T09:28:44.426] [INFO] default - host:localhost
[2020-04-30T09:28:44.431] [INFO] default - method: [GET] URL: /api/menu/list/?page=1&pageSize=10
[2020-04-30T09:28:44.432] [INFO] default - req-query:{}
[2020-04-30T09:28:44.433] [INFO] default - req-params:{}
[2020-04-30T09:28:44.434] [INFO] default - req-body:{}
[2020-04-30T09:28:44.467] [INFO] default - traceId:22a3011b-9084-4433-bdfb-299b1c4e48de
[2020-04-30T09:28:44.472] [INFO] default - [35msqlæ‰§è¡Œï¼š=> SELECT res_name, res_id, parent_id FROM sys_resource WHERE type < 3 ORDER BY sort ASC;[39m
[2020-04-30T09:28:44.482] [INFO] default - traceId:22a3011b-9084-4433-bdfb-299b1c4e48de
[2020-04-30T09:28:44.483] [INFO] default - host:localhost
[2020-04-30T09:28:44.484] [INFO] default - method: [GET] URL: /api/menu/selectMenuList
[2020-04-30T09:28:44.485] [INFO] default - req-query:{}
[2020-04-30T09:28:44.485] [INFO] default - req-params:{}
[2020-04-30T09:28:44.486] [INFO] default - req-body:{}
[2020-04-30T09:29:05.256] [INFO] default - traceId:5f5c3ff6-7c98-4da1-8076-9501e9a29c2d
[2020-04-30T09:29:05.274] [INFO] default - [35msqlæ‰§è¡Œï¼š=> SELECT	sys_resource.*  FROM  sys_user_role[39m
[35m      INNER JOIN sys_role_permmision ON sys_user_role.role_id = sys_role_permmision.role_id[39m
[35m      INNER JOIN sys_resource ON sys_role_permmision.res_id = sys_resource.res_id[39m
[35m      WHERE user_id = 1 AND type < 3 GROUP BY res_id ORDER BY sort ASC[39m
[2020-04-30T09:29:05.280] [INFO] default - [35msqlæ‰§è¡Œï¼š=> SELECT	sys_resource.perms FROM  sys_user_role[39m
[35m      INNER JOIN sys_role_permmision ON sys_user_role.role_id = sys_role_permmision.role_id[39m
[35m      INNER JOIN sys_resource ON sys_role_permmision.res_id = sys_resource.res_id[39m
[35m      WHERE user_id = 1 AND type > 1 GROUP BY perms[39m
[2020-04-30T09:29:05.303] [INFO] default - traceId:5f5c3ff6-7c98-4da1-8076-9501e9a29c2d
[2020-04-30T09:29:05.303] [INFO] default - host:localhost
[2020-04-30T09:29:05.304] [INFO] default - method: [GET] URL: /api/getUserMenuList
[2020-04-30T09:29:05.305] [INFO] default - req-query:{}
[2020-04-30T09:29:05.305] [INFO] default - req-params:{}
[2020-04-30T09:29:05.306] [INFO] default - req-body:{}
[2020-04-30T09:29:05.691] [INFO] default - traceId:9f168a9b-149d-47c4-8364-ab49d8e4a78e
[2020-04-30T09:29:05.702] [INFO] default - [35msqlæ‰§è¡Œï¼š=> SELECT * FROM sys_resource where 1=1  LIMIT 0, 10 [39m
[2020-04-30T09:29:05.706] [INFO] default - [35msqlæ‰§è¡Œï¼š=> SELECT COUNT(res_id) AS count FROM sys_resource where 1=1 [39m
[2020-04-30T09:29:05.726] [INFO] default - [35msqlæ‰§è¡Œï¼š=> SELECT res_name, res_id, parent_id FROM sys_resource WHERE type < 3 ORDER BY sort ASC;[39m
[2020-04-30T09:29:05.777] [INFO] default - traceId:9f168a9b-149d-47c4-8364-ab49d8e4a78e
[2020-04-30T09:29:05.782] [INFO] default - host:localhost
[2020-04-30T09:29:05.787] [INFO] default - method: [GET] URL: /api/menu/list/?page=1&pageSize=10
[2020-04-30T09:29:05.797] [INFO] default - req-query:{}
[2020-04-30T09:29:05.803] [INFO] default - req-params:{}
[2020-04-30T09:29:05.813] [INFO] default - req-body:{}
[2020-04-30T09:29:05.874] [INFO] default - traceId:6ec7cc03-0660-4412-a9a1-dbb997871e25
[2020-04-30T09:29:05.880] [INFO] default - [35msqlæ‰§è¡Œï¼š=> SELECT res_name, res_id, parent_id FROM sys_resource WHERE type < 3 ORDER BY sort ASC;[39m
[2020-04-30T09:29:05.884] [INFO] default - traceId:6ec7cc03-0660-4412-a9a1-dbb997871e25
[2020-04-30T09:29:05.885] [INFO] default - host:localhost
[2020-04-30T09:29:05.886] [INFO] default - method: [GET] URL: /api/menu/selectMenuList
[2020-04-30T09:29:05.886] [INFO] default - req-query:{}
[2020-04-30T09:29:05.887] [INFO] default - req-params:{}
[2020-04-30T09:29:05.887] [INFO] default - req-body:{}
[2020-04-30T09:30:21.469] [INFO] default - traceId:77be106a-eb38-400f-9786-39eb0d21555c
[2020-04-30T09:30:21.478] [INFO] default - [35msqlæ‰§è¡Œï¼š=> SELECT	sys_resource.*  FROM  sys_user_role[39m
[35m      INNER JOIN sys_role_permmision ON sys_user_role.role_id = sys_role_permmision.role_id[39m
[35m      INNER JOIN sys_resource ON sys_role_permmision.res_id = sys_resource.res_id[39m
[35m      WHERE user_id = 1 AND type < 3 GROUP BY res_id ORDER BY sort ASC[39m
[2020-04-30T09:30:21.502] [INFO] default - [35msqlæ‰§è¡Œï¼š=> SELECT	sys_resource.perms FROM  sys_user_role[39m
[35m      INNER JOIN sys_role_permmision ON sys_user_role.role_id = sys_role_permmision.role_id[39m
[35m      INNER JOIN sys_resource ON sys_role_permmision.res_id = sys_resource.res_id[39m
[35m      WHERE user_id = 1 AND type > 1 GROUP BY perms[39m
[2020-04-30T09:30:21.525] [INFO] default - traceId:77be106a-eb38-400f-9786-39eb0d21555c
[2020-04-30T09:30:21.525] [INFO] default - host:localhost
[2020-04-30T09:30:21.526] [INFO] default - method: [GET] URL: /api/getUserMenuList
[2020-04-30T09:30:21.659] [INFO] default - req-query:{}
[2020-04-30T09:30:21.665] [INFO] default - req-params:{}
[2020-04-30T09:30:21.667] [INFO] default - req-body:{}
[2020-04-30T09:30:21.975] [INFO] default - traceId:086eaaad-5b59-4f26-a9b4-fba6854f1e1d
[2020-04-30T09:30:21.980] [INFO] default - [35msqlæ‰§è¡Œï¼š=> SELECT * FROM sys_resource where 1=1  LIMIT 0, 10 [39m
[2020-04-30T09:30:21.982] [INFO] default - [35msqlæ‰§è¡Œï¼š=> SELECT COUNT(res_id) AS count FROM sys_resource where 1=1 [39m
[2020-04-30T09:30:21.994] [INFO] default - [35msqlæ‰§è¡Œï¼š=> SELECT res_name, res_id, parent_id FROM sys_resource WHERE type < 3 ORDER BY sort ASC;[39m
[2020-04-30T09:30:22.011] [INFO] default - traceId:086eaaad-5b59-4f26-a9b4-fba6854f1e1d
[2020-04-30T09:30:22.016] [INFO] default - host:localhost
[2020-04-30T09:30:22.023] [INFO] default - method: [GET] URL: /api/menu/list/?page=1&pageSize=10
[2020-04-30T09:30:22.024] [INFO] default - req-query:{}
[2020-04-30T09:30:22.025] [INFO] default - req-params:{}
[2020-04-30T09:30:22.026] [INFO] default - req-body:{}
[2020-04-30T09:30:22.048] [INFO] default - traceId:34d532f6-510f-4c2a-ae63-a14d6a9957cb
[2020-04-30T09:30:22.052] [INFO] default - [35msqlæ‰§è¡Œï¼š=> SELECT res_name, res_id, parent_id FROM sys_resource WHERE type < 3 ORDER BY sort ASC;[39m
[2020-04-30T09:30:22.057] [INFO] default - traceId:34d532f6-510f-4c2a-ae63-a14d6a9957cb
[2020-04-30T09:30:22.058] [INFO] default - host:localhost
[2020-04-30T09:30:22.058] [INFO] default - method: [GET] URL: /api/menu/selectMenuList
[2020-04-30T09:30:22.059] [INFO] default - req-query:{}
[2020-04-30T09:30:22.059] [INFO] default - req-params:{}
[2020-04-30T09:30:22.064] [INFO] default - req-body:{}
[2020-04-30T09:30:49.684] [INFO] default - traceId:c5ad9a6b-3376-4cc5-aaea-67aeba476aad
[2020-04-30T09:30:49.689] [INFO] default - [35msqlæ‰§è¡Œï¼š=> SELECT	sys_resource.*  FROM  sys_user_role[39m
[35m      INNER JOIN sys_role_permmision ON sys_user_role.role_id = sys_role_permmision.role_id[39m
[35m      INNER JOIN sys_resource ON sys_role_permmision.res_id = sys_resource.res_id[39m
[35m      WHERE user_id = 1 AND type < 3 GROUP BY res_id ORDER BY sort ASC[39m
[2020-04-30T09:30:49.697] [INFO] default - [35msqlæ‰§è¡Œï¼š=> SELECT	sys_resource.perms FROM  sys_user_role[39m
[35m      INNER JOIN sys_role_permmision ON sys_user_role.role_id = sys_role_permmision.role_id[39m
[35m      INNER JOIN sys_resource ON sys_role_permmision.res_id = sys_resource.res_id[39m
[35m      WHERE user_id = 1 AND type > 1 GROUP BY perms[39m
[2020-04-30T09:30:49.720] [INFO] default - traceId:c5ad9a6b-3376-4cc5-aaea-67aeba476aad
[2020-04-30T09:30:49.721] [INFO] default - host:localhost
[2020-04-30T09:30:49.722] [INFO] default - method: [GET] URL: /api/getUserMenuList
[2020-04-30T09:30:49.722] [INFO] default - req-query:{}
[2020-04-30T09:30:49.726] [INFO] default - req-params:{}
[2020-04-30T09:30:49.727] [INFO] default - req-body:{}
[2020-04-30T09:30:50.311] [INFO] default - traceId:44a8c2fa-341e-423c-a72b-d0870e419959
[2020-04-30T09:30:50.317] [INFO] default - [35msqlæ‰§è¡Œï¼š=> SELECT * FROM sys_resource where 1=1  LIMIT 0, 10 [39m
[2020-04-30T09:30:50.321] [INFO] default - [35msqlæ‰§è¡Œï¼š=> SELECT COUNT(res_id) AS count FROM sys_resource where 1=1 [39m
[2020-04-30T09:30:50.323] [INFO] default - [35msqlæ‰§è¡Œï¼š=> SELECT res_name, res_id, parent_id FROM sys_resource WHERE type < 3 ORDER BY sort ASC;[39m
[2020-04-30T09:30:50.328] [INFO] default - traceId:44a8c2fa-341e-423c-a72b-d0870e419959
[2020-04-30T09:30:50.334] [INFO] default - host:localhost
[2020-04-30T09:30:50.334] [INFO] default - method: [GET] URL: /api/menu/list/?page=1&pageSize=10
[2020-04-30T09:30:50.335] [INFO] default - req-query:{}
[2020-04-30T09:30:50.336] [INFO] default - req-params:{}
[2020-04-30T09:30:50.336] [INFO] default - req-body:{}
[2020-04-30T09:30:50.420] [INFO] default - traceId:4851125d-fc80-491e-ae0c-a607545957db
[2020-04-30T09:30:50.423] [INFO] default - [35msqlæ‰§è¡Œï¼š=> SELECT res_name, res_id, parent_id FROM sys_resource WHERE type < 3 ORDER BY sort ASC;[39m
[2020-04-30T09:30:50.438] [INFO] default - traceId:4851125d-fc80-491e-ae0c-a607545957db
[2020-04-30T09:30:50.450] [INFO] default - host:localhost
[2020-04-30T09:30:50.452] [INFO] default - method: [GET] URL: /api/menu/selectMenuList
[2020-04-30T09:30:50.453] [INFO] default - req-query:{}
[2020-04-30T09:30:50.454] [INFO] default - req-params:{}
[2020-04-30T09:30:50.454] [INFO] default - req-body:{}
[2020-04-30T09:33:07.237] [INFO] default - traceId:819faf64-d21c-4462-b2e1-0221e62458d4
[2020-04-30T09:33:07.407] [INFO] default - [35msqlæ‰§è¡Œï¼š=> SELECT	sys_resource.*  FROM  sys_user_role[39m
[35m      INNER JOIN sys_role_permmision ON sys_user_role.role_id = sys_role_permmision.role_id[39m
[35m      INNER JOIN sys_resource ON sys_role_permmision.res_id = sys_resource.res_id[39m
[35m      WHERE user_id = 1 AND type < 3 GROUP BY res_id ORDER BY sort ASC[39m
[2020-04-30T09:33:07.557] [INFO] default - [35msqlæ‰§è¡Œï¼š=> SELECT	sys_resource.perms FROM  sys_user_role[39m
[35m      INNER JOIN sys_role_permmision ON sys_user_role.role_id = sys_role_permmision.role_id[39m
[35m      INNER JOIN sys_resource ON sys_role_permmision.res_id = sys_resource.res_id[39m
[35m      WHERE user_id = 1 AND type > 1 GROUP BY perms[39m
[2020-04-30T09:33:07.608] [INFO] default - traceId:819faf64-d21c-4462-b2e1-0221e62458d4
[2020-04-30T09:33:07.609] [INFO] default - host:localhost
[2020-04-30T09:33:07.611] [INFO] default - method: [GET] URL: /api/getUserMenuList
[2020-04-30T09:33:07.626] [INFO] default - req-query:{}
[2020-04-30T09:33:07.629] [INFO] default - req-params:{}
[2020-04-30T09:33:07.629] [INFO] default - req-body:{}
[2020-04-30T09:33:07.940] [INFO] default - traceId:de887aa5-9ffa-4053-aafd-27814fc3a123
[2020-04-30T09:33:07.963] [INFO] default - [35msqlæ‰§è¡Œï¼š=> SELECT * FROM sys_resource where 1=1  LIMIT 0, 10 [39m
[2020-04-30T09:33:07.965] [INFO] default - [35msqlæ‰§è¡Œï¼š=> SELECT COUNT(res_id) AS count FROM sys_resource where 1=1 [39m
[2020-04-30T09:33:07.968] [INFO] default - [35msqlæ‰§è¡Œï¼š=> SELECT res_name, res_id, parent_id FROM sys_resource WHERE type < 3 ORDER BY sort ASC;[39m
[2020-04-30T09:33:07.972] [INFO] default - traceId:de887aa5-9ffa-4053-aafd-27814fc3a123
[2020-04-30T09:33:07.975] [INFO] default - host:localhost
[2020-04-30T09:33:07.975] [INFO] default - method: [GET] URL: /api/menu/list/?page=1&pageSize=10
[2020-04-30T09:33:07.976] [INFO] default - req-query:{}
[2020-04-30T09:33:07.996] [INFO] default - req-params:{}
[2020-04-30T09:33:08.000] [INFO] default - req-body:{}
[2020-04-30T09:33:08.008] [INFO] default - traceId:c2d33039-c60e-4c0a-866d-be02c32c9dbb
[2020-04-30T09:33:08.010] [INFO] default - [35msqlæ‰§è¡Œï¼š=> SELECT res_name, res_id, parent_id FROM sys_resource WHERE type < 3 ORDER BY sort ASC;[39m
[2020-04-30T09:33:08.068] [INFO] default - traceId:c2d33039-c60e-4c0a-866d-be02c32c9dbb
[2020-04-30T09:33:08.072] [INFO] default - host:localhost
[2020-04-30T09:33:08.074] [INFO] default - method: [GET] URL: /api/menu/selectMenuList
[2020-04-30T09:33:08.074] [INFO] default - req-query:{}
[2020-04-30T09:33:08.075] [INFO] default - req-params:{}
[2020-04-30T09:33:08.076] [INFO] default - req-body:{}
[2020-04-30T09:34:17.385] [INFO] default - traceId:6e8acb49-d60c-4261-a363-474a93f054ed
[2020-04-30T09:34:17.390] [INFO] default - traceId:6e8acb49-d60c-4261-a363-474a93f054ed
[2020-04-30T09:34:17.392] [INFO] default - host:localhost
[2020-04-30T09:34:17.394] [ERROR] default - method: [GET] URL: /api/menu/selectMenuList
[2020-04-30T09:34:17.395] [ERROR] default - req-query:{}
[2020-04-30T09:34:17.397] [ERROR] default - req-params:{}
[2020-04-30T09:34:17.398] [ERROR] default - req-body:{}
[2020-04-30T09:34:40.973] [INFO] default - traceId:0af2d4f1-9ea0-4e66-bd48-d7ddb6643fd2
[2020-04-30T09:34:40.988] [INFO] default - [35msqlæ‰§è¡Œï¼š=> SELECT res_name, res_id, parent_id FROM sys_resource WHERE type < 3 ORDER BY sort ASC;[39m
[2020-04-30T09:34:41.003] [INFO] default - traceId:0af2d4f1-9ea0-4e66-bd48-d7ddb6643fd2
[2020-04-30T09:34:41.005] [INFO] default - host:localhost
[2020-04-30T09:34:41.006] [INFO] default - method: [GET] URL: /api/menu/selectMenuList
[2020-04-30T09:34:41.007] [INFO] default - req-query:{}
[2020-04-30T09:34:41.009] [INFO] default - req-params:{}
[2020-04-30T09:34:41.011] [INFO] default - req-body:{}
[2020-04-30T09:37:47.313] [INFO] default - traceId:8c0d3afe-84e0-4f42-82cf-4d8d8031a327
[2020-04-30T09:37:47.320] [INFO] default - [35msqlæ‰§è¡Œï¼š=> SELECT	sys_resource.*  FROM  sys_user_role[39m
[35m      INNER JOIN sys_role_permmision ON sys_user_role.role_id = sys_role_permmision.role_id[39m
[35m      INNER JOIN sys_resource ON sys_role_permmision.res_id = sys_resource.res_id[39m
[35m      WHERE user_id = 1 AND type < 3 GROUP BY res_id ORDER BY sort ASC[39m
[2020-04-30T09:37:47.327] [INFO] default - [35msqlæ‰§è¡Œï¼š=> SELECT	sys_resource.perms FROM  sys_user_role[39m
[35m      INNER JOIN sys_role_permmision ON sys_user_role.role_id = sys_role_permmision.role_id[39m
[35m      INNER JOIN sys_resource ON sys_role_permmision.res_id = sys_resource.res_id[39m
[35m      WHERE user_id = 1 AND type > 1 GROUP BY perms[39m
[2020-04-30T09:37:47.388] [INFO] default - traceId:8c0d3afe-84e0-4f42-82cf-4d8d8031a327
[2020-04-30T09:37:47.390] [INFO] default - host:localhost
[2020-04-30T09:37:47.391] [INFO] default - method: [GET] URL: /api/getUserMenuList
[2020-04-30T09:37:47.393] [INFO] default - req-query:{}
[2020-04-30T09:37:47.393] [INFO] default - req-params:{}
[2020-04-30T09:37:47.394] [INFO] default - req-body:{}
[2020-04-30T09:37:47.754] [INFO] default - traceId:2edd9692-948c-4390-b39e-c3a41594769a
[2020-04-30T09:37:47.761] [INFO] default - [35msqlæ‰§è¡Œï¼š=> SELECT * FROM sys_resource where 1=1  LIMIT 0, 10 [39m
[2020-04-30T09:37:47.773] [INFO] default - [35msqlæ‰§è¡Œï¼š=> SELECT COUNT(res_id) AS count FROM sys_resource where 1=1 [39m
[2020-04-30T09:37:47.776] [INFO] default - [35msqlæ‰§è¡Œï¼š=> SELECT res_name, res_id, parent_id FROM sys_resource WHERE type < 3 ORDER BY sort ASC;[39m
[2020-04-30T09:37:47.780] [INFO] default - traceId:2edd9692-948c-4390-b39e-c3a41594769a
[2020-04-30T09:37:47.786] [INFO] default - host:localhost
[2020-04-30T09:37:47.788] [INFO] default - method: [GET] URL: /api/menu/list/?page=1&pageSize=10
[2020-04-30T09:37:47.789] [INFO] default - req-query:{}
[2020-04-30T09:37:47.790] [INFO] default - req-params:{}
[2020-04-30T09:37:47.799] [INFO] default - req-body:{}
[2020-04-30T09:37:47.820] [INFO] default - traceId:fb7e2f5d-1188-4319-8349-86e1b1e5c36a
[2020-04-30T09:37:47.825] [INFO] default - [35msqlæ‰§è¡Œï¼š=> SELECT res_name, res_id, parent_id FROM sys_resource WHERE type < 3 ORDER BY sort ASC;[39m
[2020-04-30T09:37:47.850] [INFO] default - traceId:fb7e2f5d-1188-4319-8349-86e1b1e5c36a
[2020-04-30T09:37:47.851] [INFO] default - host:localhost
[2020-04-30T09:37:47.852] [INFO] default - method: [GET] URL: /api/menu/selectMenuList
[2020-04-30T09:37:47.853] [INFO] default - req-query:{}
[2020-04-30T09:37:47.853] [INFO] default - req-params:{}
[2020-04-30T09:37:47.854] [INFO] default - req-body:{}
[2020-04-30T09:38:37.148] [INFO] default - traceId:bce792f0-bd0b-4444-a262-d4f387d58f91
[2020-04-30T09:38:37.151] [INFO] default - traceId:bce792f0-bd0b-4444-a262-d4f387d58f91
[2020-04-30T09:38:37.153] [INFO] default - host:127.0.0.1
[2020-04-30T09:38:37.156] [ERROR] default - method: [POST] URL: /api/pubScription
[2020-04-30T09:38:37.158] [ERROR] default - req-query:{}
[2020-04-30T09:38:37.161] [ERROR] default - req-params:{}
[2020-04-30T09:38:37.162] [ERROR] default - req-body:{"pubMessage":"è€é“æˆ‘æ¥äº†"}
[2020-04-30T09:41:46.463] [INFO] default - traceId:e0f2df68-9b02-4828-8a2c-eba48d53c8ed
[2020-04-30T09:41:46.473] [INFO] default - [35msqlæ‰§è¡Œï¼š=> SELECT	sys_resource.*  FROM  sys_user_role[39m
[35m      INNER JOIN sys_role_permmision ON sys_user_role.role_id = sys_role_permmision.role_id[39m
[35m      INNER JOIN sys_resource ON sys_role_permmision.res_id = sys_resource.res_id[39m
[35m      WHERE user_id = 1 AND type < 3 GROUP BY res_id ORDER BY sort ASC[39m
[2020-04-30T09:41:46.480] [INFO] default - [35msqlæ‰§è¡Œï¼š=> SELECT	sys_resource.perms FROM  sys_user_role[39m
[35m      INNER JOIN sys_role_permmision ON sys_user_role.role_id = sys_role_permmision.role_id[39m
[35m      INNER JOIN sys_resource ON sys_role_permmision.res_id = sys_resource.res_id[39m
[35m      WHERE user_id = 1 AND type > 1 GROUP BY perms[39m
[2020-04-30T09:41:46.556] [INFO] default - traceId:e0f2df68-9b02-4828-8a2c-eba48d53c8ed
[2020-04-30T09:41:46.557] [INFO] default - host:localhost
[2020-04-30T09:41:46.558] [INFO] default - method: [GET] URL: /api/getUserMenuList
[2020-04-30T09:41:46.561] [INFO] default - req-query:{}
[2020-04-30T09:41:46.562] [INFO] default - req-params:{}
[2020-04-30T09:41:46.563] [INFO] default - req-body:{}
[2020-04-30T09:41:46.912] [INFO] default - traceId:da81c27c-fadd-433f-8559-26583764d44b
[2020-04-30T09:41:46.935] [INFO] default - [35msqlæ‰§è¡Œï¼š=> SELECT * FROM sys_resource where 1=1  LIMIT 0, 10 [39m
[2020-04-30T09:41:46.942] [INFO] default - [35msqlæ‰§è¡Œï¼š=> SELECT COUNT(res_id) AS count FROM sys_resource where 1=1 [39m
[2020-04-30T09:41:46.970] [INFO] default - [35msqlæ‰§è¡Œï¼š=> SELECT res_name, res_id, parent_id FROM sys_resource WHERE type < 3 ORDER BY sort ASC;[39m
[2020-04-30T09:41:46.981] [INFO] default - traceId:da81c27c-fadd-433f-8559-26583764d44b
[2020-04-30T09:41:46.984] [INFO] default - host:localhost
[2020-04-30T09:41:46.985] [INFO] default - method: [GET] URL: /api/menu/list/?page=1&pageSize=10
[2020-04-30T09:41:46.986] [INFO] default - req-query:{}
[2020-04-30T09:41:46.987] [INFO] default - req-params:{}
[2020-04-30T09:41:46.988] [INFO] default - req-body:{}
[2020-04-30T09:41:46.994] [INFO] default - traceId:c6cfac6d-c570-4c66-8264-f4808bd8b740
[2020-04-30T09:41:46.997] [INFO] default - [35msqlæ‰§è¡Œï¼š=> SELECT res_name, res_id, parent_id FROM sys_resource WHERE type < 3 ORDER BY sort ASC;[39m
[2020-04-30T09:41:46.999] [INFO] default - traceId:c6cfac6d-c570-4c66-8264-f4808bd8b740
[2020-04-30T09:41:47.000] [INFO] default - host:localhost
[2020-04-30T09:41:47.001] [INFO] default - method: [GET] URL: /api/menu/selectMenuList
[2020-04-30T09:41:47.001] [INFO] default - req-query:{}
[2020-04-30T09:41:47.002] [INFO] default - req-params:{}
[2020-04-30T09:41:47.002] [INFO] default - req-body:{}
[2020-04-30T09:42:56.011] [INFO] default - traceId:cdc778de-31c7-4a51-8b0d-fd00f987853a
[2020-04-30T09:42:56.045] [INFO] default - [35msqlæ‰§è¡Œï¼š=> SELECT	sys_resource.*  FROM  sys_user_role[39m
[35m      INNER JOIN sys_role_permmision ON sys_user_role.role_id = sys_role_permmision.role_id[39m
[35m      INNER JOIN sys_resource ON sys_role_permmision.res_id = sys_resource.res_id[39m
[35m      WHERE user_id = 1 AND type < 3 GROUP BY res_id ORDER BY sort ASC[39m
[2020-04-30T09:42:56.055] [INFO] default - [35msqlæ‰§è¡Œï¼š=> SELECT	sys_resource.perms FROM  sys_user_role[39m
[35m      INNER JOIN sys_role_permmision ON sys_user_role.role_id = sys_role_permmision.role_id[39m
[35m      INNER JOIN sys_resource ON sys_role_permmision.res_id = sys_resource.res_id[39m
[35m      WHERE user_id = 1 AND type > 1 GROUP BY perms[39m
[2020-04-30T09:42:56.073] [INFO] default - traceId:cdc778de-31c7-4a51-8b0d-fd00f987853a
[2020-04-30T09:42:56.075] [INFO] default - host:localhost
[2020-04-30T09:42:56.076] [INFO] default - method: [GET] URL: /api/getUserMenuList
[2020-04-30T09:42:56.077] [INFO] default - req-query:{}
[2020-04-30T09:42:56.078] [INFO] default - req-params:{}
[2020-04-30T09:42:56.079] [INFO] default - req-body:{}
[2020-04-30T09:42:56.322] [INFO] default - traceId:5e0752a7-2705-43bb-8fcc-b58829b337c2
[2020-04-30T09:42:56.329] [INFO] default - [35msqlæ‰§è¡Œï¼š=> SELECT * FROM sys_resource where 1=1  LIMIT 0, 10 [39m
[2020-04-30T09:42:56.343] [INFO] default - [35msqlæ‰§è¡Œï¼š=> SELECT COUNT(res_id) AS count FROM sys_resource where 1=1 [39m
[2020-04-30T09:42:56.347] [INFO] default - [35msqlæ‰§è¡Œï¼š=> SELECT res_name, res_id, parent_id FROM sys_resource WHERE type < 3 ORDER BY sort ASC;[39m
[2020-04-30T09:42:56.353] [INFO] default - traceId:5e0752a7-2705-43bb-8fcc-b58829b337c2
[2020-04-30T09:42:56.355] [INFO] default - host:localhost
[2020-04-30T09:42:56.357] [INFO] default - method: [GET] URL: /api/menu/list/?page=1&pageSize=10
[2020-04-30T09:42:56.358] [INFO] default - req-query:{}
[2020-04-30T09:42:56.358] [INFO] default - req-params:{}
[2020-04-30T09:42:56.359] [INFO] default - req-body:{}
[2020-04-30T09:42:56.389] [INFO] default - traceId:c9fa6cc8-07b0-4034-bc56-b99c1216a601
[2020-04-30T09:42:56.393] [INFO] default - [35msqlæ‰§è¡Œï¼š=> SELECT res_name, res_id, parent_id FROM sys_resource WHERE type < 3 ORDER BY sort ASC;[39m
[2020-04-30T09:42:56.401] [INFO] default - traceId:c9fa6cc8-07b0-4034-bc56-b99c1216a601
[2020-04-30T09:42:56.403] [INFO] default - host:localhost
[2020-04-30T09:42:56.404] [INFO] default - method: [GET] URL: /api/menu/selectMenuList
[2020-04-30T09:42:56.404] [INFO] default - req-query:{}
[2020-04-30T09:42:56.405] [INFO] default - req-params:{}
[2020-04-30T09:42:56.406] [INFO] default - req-body:{}
