[2020-04-23T00:05:18.796] [INFO] default - traceId:6d68cd80-09b7-4e31-8b99-5150aef999a1
[2020-04-23T00:05:18.807] [INFO] default - [35msqlæ‰§è¡Œï¼š=> SELECT	sys_resource.*  FROM  sys_user_role[39m
[35m      INNER JOIN sys_role_permmision ON sys_user_role.role_id = sys_role_permmision.role_id[39m
[35m      INNER JOIN sys_resource ON sys_role_permmision.res_id = sys_resource.res_id[39m
[35m      WHERE user_id = 1 AND type =1 AND type = 2  GROUP BY res_id[39m
[2020-04-23T00:05:20.108] [INFO] default - [35msqlæ‰§è¡Œï¼š=> SELECT user_id, nick_name, phone, password, avatar, email FROM sys_user WHERE user_id = 1[39m
[2020-04-23T00:05:20.372] [INFO] default - traceId:6d68cd80-09b7-4e31-8b99-5150aef999a1
[2020-04-23T00:05:20.373] [INFO] default - host:localhost
[2020-04-23T00:05:20.374] [INFO] default - method: [GET] URL: /api/getUserMenuList
[2020-04-23T00:05:20.374] [INFO] default - req-query:{}
[2020-04-23T00:05:20.374] [INFO] default - req-params:{}
[2020-04-23T00:05:20.374] [INFO] default - req-body:{}
[2020-04-23T00:05:20.476] [INFO] default - traceId:0333f246-267a-4431-aba6-f1101b75649e
[2020-04-23T00:05:20.477] [INFO] default - [35msqlæ‰§è¡Œï¼š=> SELECT * FROM sys_role[39m
[2020-04-23T00:05:21.073] [INFO] default - traceId:0333f246-267a-4431-aba6-f1101b75649e
[2020-04-23T00:05:21.074] [INFO] default - host:localhost
[2020-04-23T00:05:21.074] [INFO] default - method: [GET] URL: /api/role/list
[2020-04-23T00:05:21.074] [INFO] default - req-query:{}
[2020-04-23T00:05:21.074] [INFO] default - req-params:{}
[2020-04-23T00:05:21.074] [INFO] default - req-body:{}
[2020-04-23T00:10:32.744] [INFO] default - traceId:f8c3a0b8-a1f8-4d6e-938b-3aad8499757d
[2020-04-23T00:10:32.753] [INFO] default - [35msqlæ‰§è¡Œï¼š=> SELECT	sys_resource.*  FROM  sys_user_role[39m
[35m      INNER JOIN sys_role_permmision ON sys_user_role.role_id = sys_role_permmision.role_id[39m
[35m      INNER JOIN sys_resource ON sys_role_permmision.res_id = sys_resource.res_id[39m
[35m      WHERE user_id = 1 AND type < 3  GROUP BY res_id[39m
[2020-04-23T00:10:33.029] [INFO] default - [35msqlæ‰§è¡Œï¼š=> SELECT user_id, nick_name, phone, password, avatar, email FROM sys_user WHERE user_id = 1[39m
[2020-04-23T00:10:33.166] [INFO] default - traceId:f8c3a0b8-a1f8-4d6e-938b-3aad8499757d
[2020-04-23T00:10:33.166] [INFO] default - host:localhost
[2020-04-23T00:10:33.166] [INFO] default - method: [GET] URL: /api/getUserMenuList
[2020-04-23T00:10:33.167] [INFO] default - req-query:{}
[2020-04-23T00:10:33.167] [INFO] default - req-params:{}
[2020-04-23T00:10:33.167] [INFO] default - req-body:{}
[2020-04-23T00:10:33.380] [INFO] default - traceId:047c0483-7314-40cd-a2bd-53c9f7c3798d
[2020-04-23T00:10:33.382] [INFO] default - [35msqlæ‰§è¡Œï¼š=> SELECT * FROM sys_role[39m
[2020-04-23T00:10:33.603] [INFO] default - traceId:047c0483-7314-40cd-a2bd-53c9f7c3798d
[2020-04-23T00:10:33.603] [INFO] default - host:localhost
[2020-04-23T00:10:33.604] [INFO] default - method: [GET] URL: /api/role/list
[2020-04-23T00:10:33.604] [INFO] default - req-query:{}
[2020-04-23T00:10:33.604] [INFO] default - req-params:{}
[2020-04-23T00:10:33.604] [INFO] default - req-body:{}
[2020-04-23T00:10:58.792] [INFO] default - traceId:b0cc29ca-1520-4627-b54a-c93eccd2f1a6
[2020-04-23T00:10:58.794] [INFO] default - [35msqlæ‰§è¡Œï¼š=> SELECT * FROM sys_resource LIMIT 0, 10 [39m
[2020-04-23T00:10:59.158] [INFO] default - [35msqlæ‰§è¡Œï¼š=> SELECT COUNT(res_id) AS count FROM sys_resource;[39m
[2020-04-23T00:10:59.357] [INFO] default - traceId:b0cc29ca-1520-4627-b54a-c93eccd2f1a6
[2020-04-23T00:10:59.357] [INFO] default - host:localhost
[2020-04-23T00:10:59.357] [INFO] default - method: [GET] URL: /api/menu/list/?page=1&pageSize=10
[2020-04-23T00:10:59.357] [INFO] default - req-query:{}
[2020-04-23T00:10:59.357] [INFO] default - req-params:{}
[2020-04-23T00:10:59.357] [INFO] default - req-body:{}
[2020-04-23T00:10:59.396] [INFO] default - traceId:e2ed36df-6985-4e26-b24b-8fd8edba78c7
[2020-04-23T00:10:59.400] [INFO] default - [35msqlæ‰§è¡Œï¼š=> SELECT res_name, res_id, parent_id FROM sys_resource;[39m
[2020-04-23T00:10:59.559] [INFO] default - traceId:e2ed36df-6985-4e26-b24b-8fd8edba78c7
[2020-04-23T00:10:59.559] [INFO] default - host:localhost
[2020-04-23T00:10:59.559] [INFO] default - method: [GET] URL: /api/menu/selectMenuList
[2020-04-23T00:10:59.559] [INFO] default - req-query:{}
[2020-04-23T00:10:59.559] [INFO] default - req-params:{}
[2020-04-23T00:10:59.559] [INFO] default - req-body:{}
[2020-04-23T00:11:01.032] [INFO] default - traceId:8abe1d11-cbbc-44c7-867f-0e0c77cecafe
[2020-04-23T00:11:01.035] [INFO] default - [35msqlæ‰§è¡Œï¼š=> SELECT * FROM sys_role[39m
[2020-04-23T00:11:01.037] [INFO] default - traceId:14c3e5f8-d6fe-4511-a50f-c8ad5e918943
[2020-04-23T00:11:01.040] [INFO] default - [35msqlæ‰§è¡Œï¼š=> SELECT * FROM sys_user LIMIT 0, 10[39m
[2020-04-23T00:11:01.388] [INFO] default - traceId:8abe1d11-cbbc-44c7-867f-0e0c77cecafe
[2020-04-23T00:11:01.388] [INFO] default - host:localhost
[2020-04-23T00:11:01.388] [INFO] default - method: [GET] URL: /api/role/list
[2020-04-23T00:11:01.388] [INFO] default - req-query:{}
[2020-04-23T00:11:01.388] [INFO] default - req-params:{}
[2020-04-23T00:11:01.388] [INFO] default - req-body:{}
[2020-04-23T00:11:01.816] [INFO] default - [35msqlæ‰§è¡Œï¼š=> SELECT COUNT(user_id) AS count FROM sys_user;[39m
[2020-04-23T00:11:02.195] [INFO] default - [35msqlæ‰§è¡Œï¼š=> SELECT * FROM sys_user_role[39m
[2020-04-23T00:11:02.707] [INFO] default - [35msqlæ‰§è¡Œï¼š=> SELECT * FROM sys_role[39m
[2020-04-23T00:11:03.086] [INFO] default - traceId:14c3e5f8-d6fe-4511-a50f-c8ad5e918943
[2020-04-23T00:11:03.086] [INFO] default - host:localhost
[2020-04-23T00:11:03.086] [INFO] default - method: [GET] URL: /api/user/list?page=1&pageSize=10&currentPage=1
[2020-04-23T00:11:03.087] [INFO] default - req-query:{"currentPage":"1"}
[2020-04-23T00:11:03.087] [INFO] default - req-params:{}
[2020-04-23T00:11:03.087] [INFO] default - req-body:{}
[2020-04-23T00:13:29.145] [INFO] default - traceId:970c24db-4f21-48f2-a37e-dbd66f06047d
[2020-04-23T00:13:29.154] [INFO] default - [35msqlæ‰§è¡Œï¼š=> SELECT	sys_resource.*  FROM  sys_user_role[39m
[35m      INNER JOIN sys_role_permmision ON sys_user_role.role_id = sys_role_permmision.role_id[39m
[35m      INNER JOIN sys_resource ON sys_role_permmision.res_id = sys_resource.res_id[39m
[35m      WHERE user_id = 1 AND type < 3  GROUP BY res_id[39m
[2020-04-23T00:13:29.213] [INFO] default - [35msqlæ‰§è¡Œï¼š=> SELECT user_id, nick_name, phone, password, avatar, email FROM sys_user WHERE user_id = 1[39m
[2020-04-23T00:14:17.211] [INFO] default - traceId:da30647f-5a41-4a61-ba11-b93a72958895
[2020-04-23T00:14:17.219] [INFO] default - [35msqlæ‰§è¡Œï¼š=> SELECT	sys_resource.*  FROM  sys_user_role[39m
[35m      INNER JOIN sys_role_permmision ON sys_user_role.role_id = sys_role_permmision.role_id[39m
[35m      INNER JOIN sys_resource ON sys_role_permmision.res_id = sys_resource.res_id[39m
[35m      WHERE user_id = 1 AND type < 3  GROUP BY res_id[39m
[2020-04-23T00:14:17.366] [INFO] default - [35msqlæ‰§è¡Œï¼š=> SELECT user_id, nick_name, phone, password, avatar, email FROM sys_user WHERE user_id = 1[39m
[2020-04-23T00:15:12.795] [INFO] default - traceId:578caa21-bb6d-45db-9bc0-aa9f3004326a
[2020-04-23T00:15:12.806] [INFO] default - [35msqlæ‰§è¡Œï¼š=> SELECT	sys_resource.*  FROM  sys_user_role[39m
[35m      INNER JOIN sys_role_permmision ON sys_user_role.role_id = sys_role_permmision.role_id[39m
[35m      INNER JOIN sys_resource ON sys_role_permmision.res_id = sys_resource.res_id[39m
[35m      WHERE user_id = 1 AND type < 3  GROUP BY res_id[39m
[2020-04-23T00:15:12.935] [INFO] default - [35msqlæ‰§è¡Œï¼š=> SELECT user_id, nick_name, phone, password, avatar, email FROM sys_user WHERE user_id = 1[39m
[2020-04-23T00:15:42.201] [INFO] default - traceId:c61f3be2-a034-4e69-9e9a-50f96df41914
[2020-04-23T00:15:42.210] [INFO] default - [35msqlæ‰§è¡Œï¼š=> SELECT	sys_resource.*  FROM  sys_user_role[39m
[35m      INNER JOIN sys_role_permmision ON sys_user_role.role_id = sys_role_permmision.role_id[39m
[35m      INNER JOIN sys_resource ON sys_role_permmision.res_id = sys_resource.res_id[39m
[35m      WHERE user_id = 1 AND type < 3  GROUP BY res_id[39m
[2020-04-23T00:15:42.262] [INFO] default - [35msqlæ‰§è¡Œï¼š=> SELECT user_id, nick_name, phone, password, avatar, email FROM sys_user WHERE user_id = 1[39m
[2020-04-23T00:16:38.354] [INFO] default - traceId:5de78cba-2c41-485c-af15-11312dc6b661
[2020-04-23T00:16:38.363] [INFO] default - [35msqlæ‰§è¡Œï¼š=> SELECT	sys_resource.*  FROM  sys_user_role[39m
[35m      INNER JOIN sys_role_permmision ON sys_user_role.role_id = sys_role_permmision.role_id[39m
[35m      INNER JOIN sys_resource ON sys_role_permmision.res_id = sys_resource.res_id[39m
[35m      WHERE user_id = 1 AND type < 3  GROUP BY res_id[39m
[2020-04-23T00:16:38.435] [INFO] default - [35msqlæ‰§è¡Œï¼š=> SELECT user_id, nick_name, phone, password, avatar, email FROM sys_user WHERE user_id = 1[39m
[2020-04-23T00:16:38.483] [INFO] default - traceId:5de78cba-2c41-485c-af15-11312dc6b661
[2020-04-23T00:16:38.483] [INFO] default - host:localhost
[2020-04-23T00:16:38.483] [INFO] default - method: [GET] URL: /api/getUserMenuList
[2020-04-23T00:16:38.483] [INFO] default - req-query:{}
[2020-04-23T00:16:38.484] [INFO] default - req-params:{}
[2020-04-23T00:16:38.484] [INFO] default - req-body:{}
[2020-04-23T00:16:38.831] [INFO] default - traceId:a3b26fd5-411d-4f20-b207-0c13bc916bc0
[2020-04-23T00:16:38.833] [INFO] default - traceId:a2a7b5ba-d4a4-4b15-a9d9-b0b4b901149a
[2020-04-23T00:16:38.836] [INFO] default - [35msqlæ‰§è¡Œï¼š=> SELECT * FROM sys_user LIMIT 0, 10[39m
[2020-04-23T00:16:38.837] [INFO] default - [35msqlæ‰§è¡Œï¼š=> SELECT * FROM sys_role[39m
[2020-04-23T00:16:38.902] [INFO] default - [35msqlæ‰§è¡Œï¼š=> SELECT COUNT(user_id) AS count FROM sys_user;[39m
[2020-04-23T00:16:39.008] [INFO] default - traceId:a2a7b5ba-d4a4-4b15-a9d9-b0b4b901149a
[2020-04-23T00:16:39.008] [INFO] default - host:localhost
[2020-04-23T00:16:39.008] [INFO] default - method: [GET] URL: /api/role/list
[2020-04-23T00:16:39.008] [INFO] default - req-query:{}
[2020-04-23T00:16:39.008] [INFO] default - req-params:{}
[2020-04-23T00:16:39.008] [INFO] default - req-body:{}
[2020-04-23T00:16:39.088] [INFO] default - [35msqlæ‰§è¡Œï¼š=> SELECT * FROM sys_user_role[39m
[2020-04-23T00:16:39.154] [INFO] default - [35msqlæ‰§è¡Œï¼š=> SELECT * FROM sys_role[39m
[2020-04-23T00:16:39.231] [INFO] default - traceId:a3b26fd5-411d-4f20-b207-0c13bc916bc0
[2020-04-23T00:16:39.231] [INFO] default - host:localhost
[2020-04-23T00:16:39.231] [INFO] default - method: [GET] URL: /api/user/list?page=1&pageSize=10&currentPage=1
[2020-04-23T00:16:39.231] [INFO] default - req-query:{"currentPage":"1"}
[2020-04-23T00:16:39.232] [INFO] default - req-params:{}
[2020-04-23T00:16:39.232] [INFO] default - req-body:{}
[2020-04-23T00:16:51.812] [INFO] default - traceId:3f9e0551-0168-4447-b422-a588688ae0d8
[2020-04-23T00:16:51.820] [INFO] default - [35msqlæ‰§è¡Œï¼š=> SELECT	sys_resource.*  FROM  sys_user_role[39m
[35m      INNER JOIN sys_role_permmision ON sys_user_role.role_id = sys_role_permmision.role_id[39m
[35m      INNER JOIN sys_resource ON sys_role_permmision.res_id = sys_resource.res_id[39m
[35m      WHERE user_id = 1 AND type < 3  GROUP BY res_id[39m
[2020-04-23T00:16:51.935] [INFO] default - [35msqlæ‰§è¡Œï¼š=> SELECT user_id, nick_name, phone, password, avatar, email FROM sys_user WHERE user_id = 1[39m
[2020-04-23T00:17:15.924] [INFO] default - traceId:a2a2a6c8-bfd2-41b8-8a34-4dbff385a607
[2020-04-23T00:17:15.931] [INFO] default - [35msqlæ‰§è¡Œï¼š=> SELECT	sys_resource.*  FROM  sys_user_role[39m
[35m      INNER JOIN sys_role_permmision ON sys_user_role.role_id = sys_role_permmision.role_id[39m
[35m      INNER JOIN sys_resource ON sys_role_permmision.res_id = sys_resource.res_id[39m
[35m      WHERE user_id = 1 AND type < 3  GROUP BY res_id[39m
[2020-04-23T00:17:15.983] [INFO] default - [35msqlæ‰§è¡Œï¼š=> SELECT user_id, nick_name, phone, password, avatar, email FROM sys_user WHERE user_id = 1[39m
[2020-04-23T00:17:26.920] [INFO] default - traceId:00b2714d-1bb5-4d36-89ba-70013a9af530
[2020-04-23T00:17:26.927] [INFO] default - [35msqlæ‰§è¡Œï¼š=> SELECT	sys_resource.*  FROM  sys_user_role[39m
[35m      INNER JOIN sys_role_permmision ON sys_user_role.role_id = sys_role_permmision.role_id[39m
[35m      INNER JOIN sys_resource ON sys_role_permmision.res_id = sys_resource.res_id[39m
[35m      WHERE user_id = 1 AND type < 3  GROUP BY res_id[39m
[2020-04-23T00:17:27.042] [INFO] default - [35msqlæ‰§è¡Œï¼š=> SELECT user_id, nick_name, phone, password, avatar, email FROM sys_user WHERE user_id = 1[39m
[2020-04-23T00:17:27.144] [INFO] default - traceId:00b2714d-1bb5-4d36-89ba-70013a9af530
[2020-04-23T00:17:27.144] [INFO] default - host:localhost
[2020-04-23T00:17:27.145] [INFO] default - method: [GET] URL: /api/getUserMenuList
[2020-04-23T00:17:27.146] [INFO] default - req-query:{}
[2020-04-23T00:17:27.147] [INFO] default - req-params:{}
[2020-04-23T00:17:27.147] [INFO] default - req-body:{}
[2020-04-23T00:17:27.486] [INFO] default - traceId:2048eed5-03f2-40f6-9e05-1fcd4eb9474f
[2020-04-23T00:17:27.489] [INFO] default - [35msqlæ‰§è¡Œï¼š=> SELECT * FROM sys_user LIMIT 0, 10[39m
[2020-04-23T00:17:27.491] [INFO] default - traceId:c668c7f8-f217-41fd-9c04-9acf8661f057
[2020-04-23T00:17:27.492] [INFO] default - [35msqlæ‰§è¡Œï¼š=> SELECT * FROM sys_role[39m
[2020-04-23T00:17:27.665] [INFO] default - [35msqlæ‰§è¡Œï¼š=> SELECT COUNT(user_id) AS count FROM sys_user;[39m
[2020-04-23T00:17:27.779] [INFO] default - traceId:c668c7f8-f217-41fd-9c04-9acf8661f057
[2020-04-23T00:17:27.779] [INFO] default - host:localhost
[2020-04-23T00:17:27.779] [INFO] default - method: [GET] URL: /api/role/list
[2020-04-23T00:17:27.779] [INFO] default - req-query:{}
[2020-04-23T00:17:27.780] [INFO] default - req-params:{}
[2020-04-23T00:17:27.780] [INFO] default - req-body:{}
[2020-04-23T00:17:27.997] [INFO] default - [35msqlæ‰§è¡Œï¼š=> SELECT * FROM sys_user_role[39m
[2020-04-23T00:17:28.258] [INFO] default - [35msqlæ‰§è¡Œï¼š=> SELECT * FROM sys_role[39m
[2020-04-23T00:17:28.398] [INFO] default - traceId:2048eed5-03f2-40f6-9e05-1fcd4eb9474f
[2020-04-23T00:17:28.398] [INFO] default - host:localhost
[2020-04-23T00:17:28.398] [INFO] default - method: [GET] URL: /api/user/list?page=1&pageSize=10&currentPage=1
[2020-04-23T00:17:28.398] [INFO] default - req-query:{"currentPage":"1"}
[2020-04-23T00:17:28.398] [INFO] default - req-params:{}
[2020-04-23T00:17:28.398] [INFO] default - req-body:{}
[2020-04-23T00:17:38.516] [INFO] default - traceId:93a14062-d23a-4859-ba88-0ff6e026ceba
[2020-04-23T00:17:38.524] [INFO] default - [35msqlæ‰§è¡Œï¼š=> SELECT	sys_resource.*  FROM  sys_user_role[39m
[35m      INNER JOIN sys_role_permmision ON sys_user_role.role_id = sys_role_permmision.role_id[39m
[35m      INNER JOIN sys_resource ON sys_role_permmision.res_id = sys_resource.res_id[39m
[35m      WHERE user_id = 1 AND type < 3  GROUP BY res_id[39m
[2020-04-23T00:17:38.622] [INFO] default - [35msqlæ‰§è¡Œï¼š=> SELECT user_id, nick_name, phone, password, avatar, email FROM sys_user WHERE user_id = 1[39m
[2020-04-23T00:17:38.716] [INFO] default - traceId:93a14062-d23a-4859-ba88-0ff6e026ceba
[2020-04-23T00:17:38.717] [INFO] default - host:localhost
[2020-04-23T00:17:38.717] [INFO] default - method: [GET] URL: /api/getUserMenuList
[2020-04-23T00:17:38.717] [INFO] default - req-query:{}
[2020-04-23T00:17:38.717] [INFO] default - req-params:{}
[2020-04-23T00:17:38.717] [INFO] default - req-body:{}
[2020-04-23T00:17:38.961] [INFO] default - traceId:5a74f02b-4d15-4ec7-8617-db2551c56724
[2020-04-23T00:17:38.963] [INFO] default - [35msqlæ‰§è¡Œï¼š=> SELECT * FROM sys_user LIMIT 0, 10[39m
[2020-04-23T00:17:38.969] [INFO] default - traceId:a1981517-985a-4a2c-aa06-0a477874a674
[2020-04-23T00:17:38.970] [INFO] default - [35msqlæ‰§è¡Œï¼š=> SELECT * FROM sys_role[39m
[2020-04-23T00:17:39.033] [INFO] default - [35msqlæ‰§è¡Œï¼š=> SELECT COUNT(user_id) AS count FROM sys_user;[39m
[2020-04-23T00:17:39.109] [INFO] default - traceId:a1981517-985a-4a2c-aa06-0a477874a674
[2020-04-23T00:17:39.109] [INFO] default - host:localhost
[2020-04-23T00:17:39.109] [INFO] default - method: [GET] URL: /api/role/list
[2020-04-23T00:17:39.109] [INFO] default - req-query:{}
[2020-04-23T00:17:39.109] [INFO] default - req-params:{}
[2020-04-23T00:17:39.109] [INFO] default - req-body:{}
[2020-04-23T00:17:39.177] [INFO] default - [35msqlæ‰§è¡Œï¼š=> SELECT * FROM sys_user_role[39m
[2020-04-23T00:17:39.245] [INFO] default - [35msqlæ‰§è¡Œï¼š=> SELECT * FROM sys_role[39m
[2020-04-23T00:17:39.315] [INFO] default - traceId:5a74f02b-4d15-4ec7-8617-db2551c56724
[2020-04-23T00:17:39.315] [INFO] default - host:localhost
[2020-04-23T00:17:39.315] [INFO] default - method: [GET] URL: /api/user/list?page=1&pageSize=10&currentPage=1
[2020-04-23T00:17:39.315] [INFO] default - req-query:{"currentPage":"1"}
[2020-04-23T00:17:39.315] [INFO] default - req-params:{}
[2020-04-23T00:17:39.316] [INFO] default - req-body:{}
[2020-04-23T00:17:58.727] [INFO] default - traceId:789f55ca-4bf8-4f5c-af1b-c4b602c5cf9e
[2020-04-23T00:17:58.736] [INFO] default - [35msqlæ‰§è¡Œï¼š=> SELECT	sys_resource.*  FROM  sys_user_role[39m
[35m      INNER JOIN sys_role_permmision ON sys_user_role.role_id = sys_role_permmision.role_id[39m
[35m      INNER JOIN sys_resource ON sys_role_permmision.res_id = sys_resource.res_id[39m
[35m      WHERE user_id = 1 AND type < 3  GROUP BY res_id[39m
[2020-04-23T00:17:59.365] [INFO] default - [35msqlæ‰§è¡Œï¼š=> SELECT user_id, nick_name, phone, password, avatar, email FROM sys_user WHERE user_id = 1[39m
[2020-04-23T00:17:59.499] [INFO] default - traceId:789f55ca-4bf8-4f5c-af1b-c4b602c5cf9e
[2020-04-23T00:17:59.499] [INFO] default - host:localhost
[2020-04-23T00:17:59.500] [INFO] default - method: [GET] URL: /api/getUserMenuList
[2020-04-23T00:17:59.500] [INFO] default - req-query:{}
[2020-04-23T00:17:59.500] [INFO] default - req-params:{}
[2020-04-23T00:17:59.500] [INFO] default - req-body:{}
[2020-04-23T00:17:59.736] [INFO] default - traceId:318d1006-1cc4-4039-94ac-62feb6ae97a4
[2020-04-23T00:17:59.737] [INFO] default - traceId:0b53e987-7ad3-400d-8de1-58fc325a497f
[2020-04-23T00:17:59.739] [INFO] default - [35msqlæ‰§è¡Œï¼š=> SELECT * FROM sys_user LIMIT 0, 10[39m
[2020-04-23T00:17:59.740] [INFO] default - [35msqlæ‰§è¡Œï¼š=> SELECT * FROM sys_role[39m
[2020-04-23T00:18:00.050] [INFO] default - [35msqlæ‰§è¡Œï¼š=> SELECT COUNT(user_id) AS count FROM sys_user;[39m
[2020-04-23T00:18:00.252] [INFO] default - traceId:0b53e987-7ad3-400d-8de1-58fc325a497f
[2020-04-23T00:18:00.252] [INFO] default - host:localhost
[2020-04-23T00:18:00.252] [INFO] default - method: [GET] URL: /api/role/list
[2020-04-23T00:18:00.253] [INFO] default - req-query:{}
[2020-04-23T00:18:00.253] [INFO] default - req-params:{}
[2020-04-23T00:18:00.253] [INFO] default - req-body:{}
[2020-04-23T00:18:00.373] [INFO] default - [35msqlæ‰§è¡Œï¼š=> SELECT * FROM sys_user_role[39m
[2020-04-23T00:18:00.497] [INFO] default - [35msqlæ‰§è¡Œï¼š=> SELECT * FROM sys_role[39m
[2020-04-23T00:18:00.600] [INFO] default - traceId:318d1006-1cc4-4039-94ac-62feb6ae97a4
[2020-04-23T00:18:00.600] [INFO] default - host:localhost
[2020-04-23T00:18:00.600] [INFO] default - method: [GET] URL: /api/user/list?page=1&pageSize=10&currentPage=1
[2020-04-23T00:18:00.600] [INFO] default - req-query:{"currentPage":"1"}
[2020-04-23T00:18:00.601] [INFO] default - req-params:{}
[2020-04-23T00:18:00.601] [INFO] default - req-body:{}
[2020-04-23T00:19:17.690] [INFO] default - traceId:705833d6-b2af-44eb-8fe9-e4eaaddc6060
[2020-04-23T00:19:17.699] [INFO] default - [35msqlæ‰§è¡Œï¼š=> SELECT	sys_resource.*  FROM  sys_user_role[39m
[35m      INNER JOIN sys_role_permmision ON sys_user_role.role_id = sys_role_permmision.role_id[39m
[35m      INNER JOIN sys_resource ON sys_role_permmision.res_id = sys_resource.res_id[39m
[35m      WHERE user_id = 1 AND type < 3  GROUP BY res_id[39m
[2020-04-23T00:19:17.979] [INFO] default - [35msqlæ‰§è¡Œï¼š=> SELECT user_id, nick_name, phone, password, avatar, email FROM sys_user WHERE user_id = 1[39m
[2020-04-23T00:19:18.151] [INFO] default - traceId:705833d6-b2af-44eb-8fe9-e4eaaddc6060
[2020-04-23T00:19:18.151] [INFO] default - host:localhost
[2020-04-23T00:19:18.151] [INFO] default - method: [GET] URL: /api/getUserMenuList
[2020-04-23T00:19:18.151] [INFO] default - req-query:{}
[2020-04-23T00:19:18.152] [INFO] default - req-params:{}
[2020-04-23T00:19:18.152] [INFO] default - req-body:{}
[2020-04-23T00:19:18.561] [INFO] default - traceId:3e50069d-1690-4d4b-8d48-39ae5d3380b6
[2020-04-23T00:19:18.562] [INFO] default - [35msqlæ‰§è¡Œï¼š=> SELECT * FROM sys_user LIMIT 0, 10[39m
[2020-04-23T00:19:18.564] [INFO] default - traceId:f612ab36-bbe8-4f4d-907d-3459f6c1281f
[2020-04-23T00:19:18.566] [INFO] default - [35msqlæ‰§è¡Œï¼š=> SELECT * FROM sys_role[39m
[2020-04-23T00:19:18.784] [INFO] default - [35msqlæ‰§è¡Œï¼š=> SELECT COUNT(user_id) AS count FROM sys_user;[39m
[2020-04-23T00:19:19.003] [INFO] default - traceId:f612ab36-bbe8-4f4d-907d-3459f6c1281f
[2020-04-23T00:19:19.003] [INFO] default - host:localhost
[2020-04-23T00:19:19.004] [INFO] default - method: [GET] URL: /api/role/list
[2020-04-23T00:19:19.004] [INFO] default - req-query:{}
[2020-04-23T00:19:19.004] [INFO] default - req-params:{}
[2020-04-23T00:19:19.004] [INFO] default - req-body:{}
[2020-04-23T00:19:19.118] [INFO] default - [35msqlæ‰§è¡Œï¼š=> SELECT * FROM sys_user_role[39m
[2020-04-23T00:19:19.230] [INFO] default - [35msqlæ‰§è¡Œï¼š=> SELECT * FROM sys_role[39m
[2020-04-23T00:19:19.326] [INFO] default - traceId:3e50069d-1690-4d4b-8d48-39ae5d3380b6
[2020-04-23T00:19:19.326] [INFO] default - host:localhost
[2020-04-23T00:19:19.326] [INFO] default - method: [GET] URL: /api/user/list?page=1&pageSize=10&currentPage=1
[2020-04-23T00:19:19.326] [INFO] default - req-query:{"currentPage":"1"}
[2020-04-23T00:19:19.326] [INFO] default - req-params:{}
[2020-04-23T00:19:19.326] [INFO] default - req-body:{}
[2020-04-23T00:20:08.767] [INFO] default - traceId:d9c86b53-a1df-4997-91b5-7af2ce525013
[2020-04-23T00:20:08.773] [INFO] default - [35msqlæ‰§è¡Œï¼š=> SELECT	sys_resource.*  FROM  sys_user_role[39m
[35m      INNER JOIN sys_role_permmision ON sys_user_role.role_id = sys_role_permmision.role_id[39m
[35m      INNER JOIN sys_resource ON sys_role_permmision.res_id = sys_resource.res_id[39m
[35m      WHERE user_id = 1 AND type < 3  GROUP BY res_id[39m
[2020-04-23T00:20:08.973] [INFO] default - [35msqlæ‰§è¡Œï¼š=> SELECT user_id, nick_name, phone, password, avatar, email FROM sys_user WHERE user_id = 1[39m
[2020-04-23T00:20:20.508] [INFO] default - traceId:b74ef2b8-0653-4a10-934a-03aeaf6ad3c3
[2020-04-23T00:20:20.515] [INFO] default - [35msqlæ‰§è¡Œï¼š=> SELECT	sys_resource.*  FROM  sys_user_role[39m
[35m      INNER JOIN sys_role_permmision ON sys_user_role.role_id = sys_role_permmision.role_id[39m
[35m      INNER JOIN sys_resource ON sys_role_permmision.res_id = sys_resource.res_id[39m
[35m      WHERE user_id = 1 AND type < 3  GROUP BY res_id[39m
[2020-04-23T00:20:20.600] [INFO] default - [35msqlæ‰§è¡Œï¼š=> SELECT user_id, nick_name, phone, password, avatar, email FROM sys_user WHERE user_id = 1[39m
[2020-04-23T00:20:20.693] [INFO] default - traceId:b74ef2b8-0653-4a10-934a-03aeaf6ad3c3
[2020-04-23T00:20:20.694] [INFO] default - host:localhost
[2020-04-23T00:20:20.694] [INFO] default - method: [GET] URL: /api/getUserMenuList
[2020-04-23T00:20:20.694] [INFO] default - req-query:{}
[2020-04-23T00:20:20.696] [INFO] default - req-params:{}
[2020-04-23T00:20:20.697] [INFO] default - req-body:{}
[2020-04-23T00:20:20.857] [INFO] default - traceId:6f2ab5b9-5cff-4b67-a0b1-fff8dd6e9bc2
[2020-04-23T00:20:20.859] [INFO] default - traceId:a49f8ddb-3663-4578-a24a-165fddbb660d
[2020-04-23T00:20:20.860] [INFO] default - [35msqlæ‰§è¡Œï¼š=> SELECT * FROM sys_role[39m
[2020-04-23T00:20:20.861] [INFO] default - [35msqlæ‰§è¡Œï¼š=> SELECT * FROM sys_user LIMIT 0, 10[39m
[2020-04-23T00:20:21.259] [INFO] default - traceId:6f2ab5b9-5cff-4b67-a0b1-fff8dd6e9bc2
[2020-04-23T00:20:21.259] [INFO] default - host:localhost
[2020-04-23T00:20:21.259] [INFO] default - method: [GET] URL: /api/role/list
[2020-04-23T00:20:21.259] [INFO] default - req-query:{}
[2020-04-23T00:20:21.260] [INFO] default - req-params:{}
[2020-04-23T00:20:21.260] [INFO] default - req-body:{}
[2020-04-23T00:20:21.377] [INFO] default - [35msqlæ‰§è¡Œï¼š=> SELECT COUNT(user_id) AS count FROM sys_user;[39m
[2020-04-23T00:20:21.505] [INFO] default - [35msqlæ‰§è¡Œï¼š=> SELECT * FROM sys_user_role[39m
[2020-04-23T00:20:21.629] [INFO] default - [35msqlæ‰§è¡Œï¼š=> SELECT * FROM sys_role[39m
[2020-04-23T00:20:21.727] [INFO] default - traceId:a49f8ddb-3663-4578-a24a-165fddbb660d
[2020-04-23T00:20:21.728] [INFO] default - host:localhost
[2020-04-23T00:20:21.728] [INFO] default - method: [GET] URL: /api/user/list?page=1&pageSize=10&currentPage=1
[2020-04-23T00:20:21.728] [INFO] default - req-query:{"currentPage":"1"}
[2020-04-23T00:20:21.728] [INFO] default - req-params:{}
[2020-04-23T00:20:21.728] [INFO] default - req-body:{}
[2020-04-23T00:25:16.501] [INFO] default - traceId:d93467df-a048-43cc-943a-ad16d784b346
[2020-04-23T00:25:16.508] [INFO] default - [35msqlæ‰§è¡Œï¼š=> SELECT	sys_resource.*  FROM  sys_user_role[39m
[35m      INNER JOIN sys_role_permmision ON sys_user_role.role_id = sys_role_permmision.role_id[39m
[35m      INNER JOIN sys_resource ON sys_role_permmision.res_id = sys_resource.res_id[39m
[35m      WHERE user_id = 1 AND type < 3  GROUP BY res_id[39m
[2020-04-23T00:25:16.588] [INFO] default - [35msqlæ‰§è¡Œï¼š=> SELECT user_id, nick_name, phone, password, avatar, email FROM sys_user WHERE user_id = 1[39m
[2020-04-23T00:25:16.639] [INFO] default - traceId:d93467df-a048-43cc-943a-ad16d784b346
[2020-04-23T00:25:16.639] [INFO] default - host:localhost
[2020-04-23T00:25:16.640] [INFO] default - method: [GET] URL: /api/getUserMenuList
[2020-04-23T00:25:16.640] [INFO] default - req-query:{}
[2020-04-23T00:25:16.640] [INFO] default - req-params:{}
[2020-04-23T00:25:16.640] [INFO] default - req-body:{}
[2020-04-23T00:25:16.992] [INFO] default - traceId:5a588416-2f69-4c6a-9ab2-b1c49441a57b
[2020-04-23T00:25:16.993] [INFO] default - traceId:15e49511-e9f8-4a09-8349-1d99e592e551
[2020-04-23T00:25:16.994] [INFO] default - [35msqlæ‰§è¡Œï¼š=> SELECT * FROM sys_user LIMIT 0, 10[39m
[2020-04-23T00:25:16.995] [INFO] default - [35msqlæ‰§è¡Œï¼š=> SELECT * FROM sys_role[39m
[2020-04-23T00:25:17.066] [INFO] default - [35msqlæ‰§è¡Œï¼š=> SELECT COUNT(user_id) AS count FROM sys_user;[39m
[2020-04-23T00:25:17.123] [INFO] default - traceId:15e49511-e9f8-4a09-8349-1d99e592e551
[2020-04-23T00:25:17.123] [INFO] default - host:localhost
[2020-04-23T00:25:17.123] [INFO] default - method: [GET] URL: /api/role/list
[2020-04-23T00:25:17.123] [INFO] default - req-query:{}
[2020-04-23T00:25:17.123] [INFO] default - req-params:{}
[2020-04-23T00:25:17.123] [INFO] default - req-body:{}
[2020-04-23T00:25:17.206] [INFO] default - [35msqlæ‰§è¡Œï¼š=> SELECT * FROM sys_user_role[39m
[2020-04-23T00:25:17.306] [INFO] default - [35msqlæ‰§è¡Œï¼š=> SELECT * FROM sys_role[39m
[2020-04-23T00:25:17.432] [INFO] default - traceId:5a588416-2f69-4c6a-9ab2-b1c49441a57b
[2020-04-23T00:25:17.432] [INFO] default - host:localhost
[2020-04-23T00:25:17.432] [INFO] default - method: [GET] URL: /api/user/list?page=1&pageSize=10&currentPage=1
[2020-04-23T00:25:17.432] [INFO] default - req-query:{"currentPage":"1"}
[2020-04-23T00:25:17.432] [INFO] default - req-params:{}
[2020-04-23T00:25:17.432] [INFO] default - req-body:{}
[2020-04-23T00:25:19.591] [INFO] default - traceId:d2e8585c-ae05-4e0a-a7c6-1d84dca79844
[2020-04-23T00:25:19.593] [INFO] default - [35msqlæ‰§è¡Œï¼š=> SELECT * FROM sys_role[39m
[2020-04-23T00:25:19.663] [INFO] default - traceId:d2e8585c-ae05-4e0a-a7c6-1d84dca79844
[2020-04-23T00:25:19.663] [INFO] default - host:localhost
[2020-04-23T00:25:19.663] [INFO] default - method: [GET] URL: /api/role/list
[2020-04-23T00:25:19.663] [INFO] default - req-query:{}
[2020-04-23T00:25:19.664] [INFO] default - req-params:{}
[2020-04-23T00:25:19.664] [INFO] default - req-body:{}
[2020-04-23T00:25:21.588] [INFO] default - traceId:530c688b-daac-4e42-8b98-42173133f478
[2020-04-23T00:25:21.590] [INFO] default - traceId:0b86ea74-055e-4967-9c21-02c7b564a294
[2020-04-23T00:25:21.591] [INFO] default - [35msqlæ‰§è¡Œï¼š=> SELECT sys_role_permmision.res_id FROM sys_role_permmision WHERE role_id = 2;[39m
[2020-04-23T00:25:21.593] [INFO] default - [35msqlæ‰§è¡Œï¼š=> SELECT	sys_resource.res_id,  sys_resource.parent_id, sys_resource.res_name FROM sys_resource;[39m
[2020-04-23T00:25:21.631] [INFO] default - traceId:530c688b-daac-4e42-8b98-42173133f478
[2020-04-23T00:25:21.631] [INFO] default - host:localhost
[2020-04-23T00:25:21.631] [INFO] default - method: [GET] URL: /api/role/getRoleTreePer/?role_id=2
[2020-04-23T00:25:21.631] [INFO] default - req-query:{"role_id":"2"}
[2020-04-23T00:25:21.631] [INFO] default - req-params:{}
[2020-04-23T00:25:21.631] [INFO] default - req-body:{}
[2020-04-23T00:25:21.671] [INFO] default - traceId:0b86ea74-055e-4967-9c21-02c7b564a294
[2020-04-23T00:25:21.672] [INFO] default - host:localhost
[2020-04-23T00:25:21.672] [INFO] default - method: [GET] URL: /api/menu/sysMenutree/
[2020-04-23T00:25:21.672] [INFO] default - req-query:{}
[2020-04-23T00:25:21.672] [INFO] default - req-params:{}
[2020-04-23T00:25:21.672] [INFO] default - req-body:{}
[2020-04-23T09:47:35.874] [INFO] default - traceId:925f07b2-a8f1-435f-aef7-b97ff6d242a1
[2020-04-23T09:47:35.883] [INFO] default - traceId:925f07b2-a8f1-435f-aef7-b97ff6d242a1
[2020-04-23T09:47:35.887] [INFO] default - host:localhost
[2020-04-23T09:47:35.891] [ERROR] default - method: [GET] URL: /api/getUserMenuList
[2020-04-23T09:47:35.892] [ERROR] default - req-query:{}
[2020-04-23T09:47:35.893] [ERROR] default - req-params:{}
[2020-04-23T09:47:35.895] [ERROR] default - req-body:{}
[2020-04-23T09:47:40.210] [INFO] default - traceId:d43bce78-1cfc-4f78-b48f-fd56dba5a1f0
[2020-04-23T09:47:40.231] [INFO] default - [35msqlæ‰§è¡Œï¼š=> SELECT user_id, nick_name, phone, password, avatar, email FROM sys_user WHERE phone = 110[39m
[2020-04-23T09:47:40.288] [INFO] default - [35msqlæ‰§è¡Œï¼š=> INSERT INTO sys_login_logs (user_id, user_name, login_time, login_ip, login_address, login_description, login_agent) VALUES([39m
[35m      1,    [39m
[35m      'çŽ‹å¸Œå¹³',[39m
[35m      now(),[39m
[35m      'localhost',[39m
[35m      'æœ¬åœ°ç™»å…¥',[39m
[35m      'ç™»å½•æˆåŠŸï¼',[39m
[35m      'Windows 6.1'[39m
[35m    )[39m
[2020-04-23T09:47:40.348] [INFO] default - traceId:d43bce78-1cfc-4f78-b48f-fd56dba5a1f0
[2020-04-23T09:47:40.349] [INFO] default - host:localhost
[2020-04-23T09:47:40.383] [INFO] default - method: [POST] URL: /api/login
[2020-04-23T09:47:40.385] [INFO] default - req-query:{}
[2020-04-23T09:47:40.389] [INFO] default - req-params:{}
[2020-04-23T09:47:40.421] [INFO] default - req-body:{"phone":110,"password":"123","code":"123456"}
[2020-04-23T09:47:40.959] [INFO] default - traceId:4d4bddaa-dac9-4ff6-87bb-f0d7e508bbc5
[2020-04-23T09:47:40.964] [INFO] default - [35msqlæ‰§è¡Œï¼š=> SELECT	sys_resource.*  FROM  sys_user_role[39m
[35m      INNER JOIN sys_role_permmision ON sys_user_role.role_id = sys_role_permmision.role_id[39m
[35m      INNER JOIN sys_resource ON sys_role_permmision.res_id = sys_resource.res_id[39m
[35m      WHERE user_id = 1 AND type < 3  GROUP BY res_id[39m
[2020-04-23T09:47:41.007] [INFO] default - [35msqlæ‰§è¡Œï¼š=> SELECT user_id, nick_name, phone, password, avatar, email FROM sys_user WHERE user_id = 1[39m
[2020-04-23T09:47:41.035] [INFO] default - traceId:4d4bddaa-dac9-4ff6-87bb-f0d7e508bbc5
[2020-04-23T09:47:41.058] [INFO] default - host:localhost
[2020-04-23T09:47:41.093] [INFO] default - method: [GET] URL: /api/getUserMenuList
[2020-04-23T09:47:41.097] [INFO] default - req-query:{}
[2020-04-23T09:47:41.098] [INFO] default - req-params:{}
[2020-04-23T09:47:41.099] [INFO] default - req-body:{}
[2020-04-23T09:47:41.387] [INFO] default - traceId:e3dd48be-9952-4e50-bc84-ba6d9360a60a
[2020-04-23T09:47:41.389] [INFO] default - [35msqlæ‰§è¡Œï¼š=> SELECT * FROM sys_role[39m
[2020-04-23T09:47:41.420] [INFO] default - traceId:e3dd48be-9952-4e50-bc84-ba6d9360a60a
[2020-04-23T09:47:41.453] [INFO] default - host:localhost
[2020-04-23T09:47:41.455] [INFO] default - method: [GET] URL: /api/role/list
[2020-04-23T09:47:41.457] [INFO] default - req-query:{}
[2020-04-23T09:47:41.458] [INFO] default - req-params:{}
[2020-04-23T09:47:41.480] [INFO] default - req-body:{}
[2020-04-23T09:47:43.372] [INFO] default - traceId:294f22ec-2744-4d0d-8119-a71a6454eba8
[2020-04-23T09:47:43.382] [INFO] default - traceId:55b7b837-77b9-445e-98fb-774a796227a0
[2020-04-23T09:47:43.384] [INFO] default - [35msqlæ‰§è¡Œï¼š=> SELECT sys_role_permmision.res_id FROM sys_role_permmision WHERE role_id = 1;[39m
[2020-04-23T09:47:43.386] [INFO] default - [35msqlæ‰§è¡Œï¼š=> SELECT	sys_resource.res_id,  sys_resource.parent_id, sys_resource.res_name FROM sys_resource;[39m
[2020-04-23T09:47:43.412] [INFO] default - traceId:294f22ec-2744-4d0d-8119-a71a6454eba8
[2020-04-23T09:47:43.428] [INFO] default - host:localhost
[2020-04-23T09:47:43.432] [INFO] default - method: [GET] URL: /api/role/getRoleTreePer/?role_id=1
[2020-04-23T09:47:43.435] [INFO] default - req-query:{"role_id":"1"}
[2020-04-23T09:47:43.437] [INFO] default - req-params:{}
[2020-04-23T09:47:43.437] [INFO] default - req-body:{}
[2020-04-23T09:47:43.440] [INFO] default - traceId:55b7b837-77b9-445e-98fb-774a796227a0
[2020-04-23T09:47:43.444] [INFO] default - host:localhost
[2020-04-23T09:47:43.464] [INFO] default - method: [GET] URL: /api/menu/sysMenutree/
[2020-04-23T09:47:43.499] [INFO] default - req-query:{}
[2020-04-23T09:47:43.505] [INFO] default - req-params:{}
[2020-04-23T09:47:43.506] [INFO] default - req-body:{}
[2020-04-23T10:26:55.350] [INFO] default - traceId:726325ca-c512-494b-abed-120c23858e44
[2020-04-23T10:26:55.352] [INFO] default - traceId:d13866ee-0cbc-49bc-88ef-fecb39eab653
[2020-04-23T10:26:55.355] [INFO] default - [35msqlæ‰§è¡Œï¼š=> SELECT sys_role_permmision.res_id FROM sys_role_permmision WHERE role_id = 1;[39m
[2020-04-23T10:26:55.449] [INFO] default - [35msqlæ‰§è¡Œï¼š=> SELECT	sys_resource.res_id,  sys_resource.parent_id, sys_resource.res_name FROM sys_resource;[39m
[2020-04-23T10:27:00.587] [INFO] default - traceId:f5b7b213-fb80-4472-b826-3835bdb8fd5b
[2020-04-23T10:27:00.590] [INFO] default - [35msqlæ‰§è¡Œï¼š=> DELETE FROM sys_role_permmision WHERE role_id = 1;[39m
[2020-04-23T10:27:02.507] [INFO] default - traceId:26b8df26-b7a5-421c-918d-196dc3408451
[2020-04-23T10:27:02.509] [INFO] default - [35msqlæ‰§è¡Œï¼š=> DELETE FROM sys_role_permmision WHERE role_id = 1;[39m
[2020-04-23T10:27:03.857] [INFO] default - traceId:1b38fe0f-135b-40e9-b3fc-69cae4ac1115
[2020-04-23T10:27:03.867] [INFO] default - [35msqlæ‰§è¡Œï¼š=> DELETE FROM sys_role_permmision WHERE role_id = 1;[39m
[2020-04-23T10:27:04.167] [INFO] default - traceId:fab39f65-92f6-4f6d-946e-58124b385481
[2020-04-23T10:27:04.170] [INFO] default - [35msqlæ‰§è¡Œï¼š=> DELETE FROM sys_role_permmision WHERE role_id = 1;[39m
[2020-04-23T10:27:05.347] [INFO] default - traceId:44197581-4d9a-4c3e-af54-052c90c40159
[2020-04-23T10:27:05.352] [INFO] default - [35msqlæ‰§è¡Œï¼š=> DELETE FROM sys_role_permmision WHERE role_id = 1;[39m
[2020-04-23T10:28:10.619] [INFO] default - traceId:4c4fd44d-4abf-457b-8c92-62b2d1529732
[2020-04-23T10:28:10.635] [INFO] default - [35msqlæ‰§è¡Œï¼š=> DELETE FROM sys_role_permmision WHERE role_id = 1;[39m
[2020-04-23T10:28:10.684] [INFO] default - [35msqlæ‰§è¡Œï¼š=> INSERT INTO sys_role_permmision (role_id, res_id) VALUES (1,1),(1,5),(1,36),(1,37),(1,2),(1,7),(1,9),(1,10),(1,3),(1,4),(1,8),(1,38),(1,35),(1,41),(1,80),(1,82)[39m
[2020-04-23T10:28:10.727] [INFO] default - traceId:4c4fd44d-4abf-457b-8c92-62b2d1529732
[2020-04-23T10:28:10.728] [INFO] default - host:localhost
[2020-04-23T10:28:10.728] [INFO] default - method: [POST] URL: /api/role/setRoleTreePer/
[2020-04-23T10:28:10.729] [INFO] default - req-query:{}
[2020-04-23T10:28:10.729] [INFO] default - req-params:{}
[2020-04-23T10:28:10.730] [INFO] default - req-body:{"res_idArr":[1,5,36,37,2,7,9,10,3,4,8,38,35,41,80,82],"role_id":1}
[2020-04-23T11:52:19.072] [INFO] default - traceId:628b085c-4165-447d-803d-9050b3d8f7dd
[2020-04-23T11:52:19.083] [INFO] default - traceId:628b085c-4165-447d-803d-9050b3d8f7dd
[2020-04-23T11:52:19.085] [INFO] default - host:localhost
[2020-04-23T11:52:19.132] [ERROR] default - method: [GET] URL: /api/getUserMenuList
[2020-04-23T11:52:19.139] [ERROR] default - req-query:{}
[2020-04-23T11:52:19.140] [ERROR] default - req-params:{}
[2020-04-23T11:52:19.141] [ERROR] default - req-body:{}
[2020-04-23T11:52:24.329] [INFO] default - traceId:a638ff48-36ff-423f-822a-e6e991641c45
[2020-04-23T11:52:24.331] [INFO] default - [35msqlæ‰§è¡Œï¼š=> SELECT user_id, nick_name, phone, password, avatar, email FROM sys_user WHERE phone = 110[39m
[2020-04-23T11:52:24.373] [INFO] default - [35msqlæ‰§è¡Œï¼š=> INSERT INTO sys_login_logs (user_id, user_name, login_time, login_ip, login_address, login_description, login_agent) VALUES([39m
[35m      1,    [39m
[35m      'çŽ‹å¸Œå¹³',[39m
[35m      now(),[39m
[35m      'localhost',[39m
[35m      'æœ¬åœ°ç™»å…¥',[39m
[35m      'ç™»å½•æˆåŠŸï¼',[39m
[35m      'Windows 6.1'[39m
[35m    )[39m
[2020-04-23T11:52:24.426] [INFO] default - traceId:a638ff48-36ff-423f-822a-e6e991641c45
[2020-04-23T11:52:24.426] [INFO] default - host:localhost
[2020-04-23T11:52:24.427] [INFO] default - method: [POST] URL: /api/login
[2020-04-23T11:52:24.428] [INFO] default - req-query:{}
[2020-04-23T11:52:24.428] [INFO] default - req-params:{}
[2020-04-23T11:52:24.429] [INFO] default - req-body:{"phone":110,"password":"123","code":"123456"}
[2020-04-23T11:52:24.514] [INFO] default - traceId:53456d6c-8d02-46d2-864c-2f61891f3899
[2020-04-23T11:52:29.553] [INFO] default - [35msqlæ‰§è¡Œï¼š=> SELECT	sys_resource.*  FROM  sys_user_role[39m
[35m      INNER JOIN sys_role_permmision ON sys_user_role.role_id = sys_role_permmision.role_id[39m
[35m      INNER JOIN sys_resource ON sys_role_permmision.res_id = sys_resource.res_id[39m
[35m      WHERE user_id = 1 AND type < 3  GROUP BY res_id[39m
[2020-04-23T11:52:29.587] [INFO] default - [35msqlæ‰§è¡Œï¼š=> SELECT	sys_resource.*  FROM  sys_user_role[39m
[35m      INNER JOIN sys_role_permmision ON sys_user_role.role_id = sys_role_permmision.role_id[39m
[35m      INNER JOIN sys_resource ON sys_role_permmision.res_id = sys_resource.res_id[39m
[35m      WHERE user_id = 1 AND  GROUP BY perms[39m
[2020-04-23T11:53:13.220] [INFO] default - traceId:61e879ec-fb3a-430f-ab1e-8b41c5cdcd81
[2020-04-23T11:54:03.218] [INFO] default - traceId:100cf6fb-0a4b-4302-83ca-7b754687413a
[2020-04-23T11:54:03.225] [INFO] default - [35msqlæ‰§è¡Œï¼š=> SELECT	sys_resource.*  FROM  sys_user_role[39m
[35m      INNER JOIN sys_role_permmision ON sys_user_role.role_id = sys_role_permmision.role_id[39m
[35m      INNER JOIN sys_resource ON sys_role_permmision.res_id = sys_resource.res_id[39m
[35m      WHERE user_id = 1 AND type < 3  GROUP BY res_id[39m
[2020-04-23T11:54:03.268] [INFO] default - [35msqlæ‰§è¡Œï¼š=> SELECT	sys_resource.*  FROM  sys_user_role[39m
[35m      INNER JOIN sys_role_permmision ON sys_user_role.role_id = sys_role_permmision.role_id[39m
[35m      INNER JOIN sys_resource ON sys_role_permmision.res_id = sys_resource.res_id[39m
[35m      WHERE user_id = 1 AND type > 1  GROUP BY perms[39m
[2020-04-23T11:54:03.300] [INFO] default - [35msqlæ‰§è¡Œï¼š=> SELECT user_id, nick_name, phone, password, avatar, email FROM sys_user WHERE user_id = 1[39m
[2020-04-23T11:54:03.332] [INFO] default - traceId:100cf6fb-0a4b-4302-83ca-7b754687413a
[2020-04-23T11:54:03.428] [INFO] default - host:localhost
[2020-04-23T11:54:03.468] [INFO] default - method: [GET] URL: /api/getUserMenuList
[2020-04-23T11:54:03.469] [INFO] default - req-query:{}
[2020-04-23T11:54:03.470] [INFO] default - req-params:{}
[2020-04-23T11:54:03.471] [INFO] default - req-body:{}
[2020-04-23T11:54:03.726] [INFO] default - traceId:8470b46b-a783-4787-a233-d09bf9c95477
[2020-04-23T11:54:03.728] [INFO] default - [35msqlæ‰§è¡Œï¼š=> SELECT * FROM sys_role[39m
[2020-04-23T11:54:03.759] [INFO] default - traceId:8470b46b-a783-4787-a233-d09bf9c95477
[2020-04-23T11:54:03.760] [INFO] default - host:localhost
[2020-04-23T11:54:03.761] [INFO] default - method: [GET] URL: /api/role/list
[2020-04-23T11:54:03.763] [INFO] default - req-query:{}
[2020-04-23T11:54:03.766] [INFO] default - req-params:{}
[2020-04-23T11:54:03.772] [INFO] default - req-body:{}
[2020-04-23T11:54:23.335] [INFO] default - traceId:b0c18d80-382e-45ef-bcab-e937da95a485
[2020-04-23T11:54:23.422] [INFO] default - [35msqlæ‰§è¡Œï¼š=> SELECT	sys_resource.*  FROM  sys_user_role[39m
[35m      INNER JOIN sys_role_permmision ON sys_user_role.role_id = sys_role_permmision.role_id[39m
[35m      INNER JOIN sys_resource ON sys_role_permmision.res_id = sys_resource.res_id[39m
[35m      WHERE user_id = 1 AND type < 3  GROUP BY res_id[39m
[2020-04-23T11:54:23.496] [INFO] default - [35msqlæ‰§è¡Œï¼š=> SELECT	sys_resource.*  FROM  sys_user_role[39m
[35m      INNER JOIN sys_role_permmision ON sys_user_role.role_id = sys_role_permmision.role_id[39m
[35m      INNER JOIN sys_resource ON sys_role_permmision.res_id = sys_resource.res_id[39m
[35m      WHERE user_id = 1 AND type > 1  GROUP BY perms[39m
[2020-04-23T11:54:23.590] [INFO] default - [35msqlæ‰§è¡Œï¼š=> SELECT user_id, nick_name, phone, password, avatar, email FROM sys_user WHERE user_id = 1[39m
[2020-04-23T11:54:23.621] [INFO] default - traceId:b0c18d80-382e-45ef-bcab-e937da95a485
[2020-04-23T11:54:23.640] [INFO] default - host:localhost
[2020-04-23T11:54:23.721] [INFO] default - method: [GET] URL: /api/getUserMenuList
[2020-04-23T11:54:23.747] [INFO] default - req-query:{}
[2020-04-23T11:54:23.748] [INFO] default - req-params:{}
[2020-04-23T11:54:23.749] [INFO] default - req-body:{}
[2020-04-23T11:54:24.203] [INFO] default - traceId:d027cec3-c623-4f6a-8525-a0a78a50e5ae
[2020-04-23T11:54:24.218] [INFO] default - [35msqlæ‰§è¡Œï¼š=> SELECT * FROM sys_role[39m
[2020-04-23T11:54:24.249] [INFO] default - traceId:d027cec3-c623-4f6a-8525-a0a78a50e5ae
[2020-04-23T11:54:24.255] [INFO] default - host:localhost
[2020-04-23T11:54:24.256] [INFO] default - method: [GET] URL: /api/role/list
[2020-04-23T11:54:24.258] [INFO] default - req-query:{}
[2020-04-23T11:54:24.264] [INFO] default - req-params:{}
[2020-04-23T11:54:24.265] [INFO] default - req-body:{}
[2020-04-23T11:54:47.708] [INFO] default - traceId:6f828413-977f-43fd-8dd0-184812c81e1e
[2020-04-23T11:54:47.733] [INFO] default - [35msqlæ‰§è¡Œï¼š=> SELECT	sys_resource.*  FROM  sys_user_role[39m
[35m      INNER JOIN sys_role_permmision ON sys_user_role.role_id = sys_role_permmision.role_id[39m
[35m      INNER JOIN sys_resource ON sys_role_permmision.res_id = sys_resource.res_id[39m
[35m      WHERE user_id = 1 AND type < 3  GROUP BY res_id[39m
[2020-04-23T11:54:47.931] [INFO] default - [35msqlæ‰§è¡Œï¼š=> SELECT	sys_resource.perms FROM  sys_user_role[39m
[35m      INNER JOIN sys_role_permmision ON sys_user_role.role_id = sys_role_permmision.role_id[39m
[35m      INNER JOIN sys_resource ON sys_role_permmision.res_id = sys_resource.res_id[39m
[35m      WHERE user_id = 1 AND type > 1  GROUP BY perms[39m
[2020-04-23T11:54:47.963] [INFO] default - [35msqlæ‰§è¡Œï¼š=> SELECT user_id, nick_name, phone, password, avatar, email FROM sys_user WHERE user_id = 1[39m
[2020-04-23T11:54:47.995] [INFO] default - traceId:6f828413-977f-43fd-8dd0-184812c81e1e
[2020-04-23T11:54:48.003] [INFO] default - host:localhost
[2020-04-23T11:54:48.005] [INFO] default - method: [GET] URL: /api/getUserMenuList
[2020-04-23T11:54:48.007] [INFO] default - req-query:{}
[2020-04-23T11:54:48.098] [INFO] default - req-params:{}
[2020-04-23T11:54:48.100] [INFO] default - req-body:{}
[2020-04-23T11:54:48.416] [INFO] default - traceId:be35760e-8cbd-4592-a297-907e89a62988
[2020-04-23T11:54:48.418] [INFO] default - [35msqlæ‰§è¡Œï¼š=> SELECT * FROM sys_role[39m
[2020-04-23T11:54:48.450] [INFO] default - traceId:be35760e-8cbd-4592-a297-907e89a62988
[2020-04-23T11:54:48.458] [INFO] default - host:localhost
[2020-04-23T11:54:48.463] [INFO] default - method: [GET] URL: /api/role/list
[2020-04-23T11:54:48.467] [INFO] default - req-query:{}
[2020-04-23T11:54:48.467] [INFO] default - req-params:{}
[2020-04-23T11:54:48.473] [INFO] default - req-body:{}
[2020-04-23T12:00:35.702] [INFO] default - traceId:84f1f26f-c020-4667-9a0f-a0f8c38df581
[2020-04-23T12:00:35.710] [INFO] default - [35msqlæ‰§è¡Œï¼š=> SELECT	sys_resource.*  FROM  sys_user_role[39m
[35m      INNER JOIN sys_role_permmision ON sys_user_role.role_id = sys_role_permmision.role_id[39m
[35m      INNER JOIN sys_resource ON sys_role_permmision.res_id = sys_resource.res_id[39m
[35m      WHERE user_id = 1 AND type < 3  GROUP BY res_id[39m
[2020-04-23T12:00:35.760] [INFO] default - [35msqlæ‰§è¡Œï¼š=> SELECT	sys_resource.perms FROM  sys_user_role[39m
[35m      INNER JOIN sys_role_permmision ON sys_user_role.role_id = sys_role_permmision.role_id[39m
[35m      INNER JOIN sys_resource ON sys_role_permmision.res_id = sys_resource.res_id[39m
[35m      WHERE user_id = 1 AND type > 1  GROUP BY perms[39m
[2020-04-23T12:00:36.038] [INFO] default - [35msqlæ‰§è¡Œï¼š=> SELECT user_id, nick_name, phone, password, avatar, email FROM sys_user WHERE user_id = 1[39m
[2020-04-23T12:00:36.111] [INFO] default - traceId:84f1f26f-c020-4667-9a0f-a0f8c38df581
[2020-04-23T12:00:36.112] [INFO] default - host:localhost
[2020-04-23T12:00:36.113] [INFO] default - method: [GET] URL: /api/getUserMenuList
[2020-04-23T12:00:36.114] [INFO] default - req-query:{}
[2020-04-23T12:00:36.114] [INFO] default - req-params:{}
[2020-04-23T12:00:36.116] [INFO] default - req-body:{}
[2020-04-23T12:00:36.506] [INFO] default - traceId:c505e838-f68d-412a-b676-0b74c4b2a3ef
[2020-04-23T12:00:36.546] [INFO] default - [35msqlæ‰§è¡Œï¼š=> SELECT * FROM sys_role[39m
[2020-04-23T12:00:36.573] [INFO] default - traceId:c505e838-f68d-412a-b676-0b74c4b2a3ef
[2020-04-23T12:00:36.578] [INFO] default - host:localhost
[2020-04-23T12:00:36.585] [INFO] default - method: [GET] URL: /api/role/list
[2020-04-23T12:00:36.586] [INFO] default - req-query:{}
[2020-04-23T12:00:36.587] [INFO] default - req-params:{}
[2020-04-23T12:00:36.588] [INFO] default - req-body:{}
