[2020-04-24T19:22:52.397] [INFO] default - traceId:24021204-352d-4dae-af5d-6559f6446719
[2020-04-24T19:22:53.791] [INFO] default - traceId:24021204-352d-4dae-af5d-6559f6446719
[2020-04-24T19:22:53.794] [INFO] default - host:localhost
[2020-04-24T19:22:53.794] [ERROR] default - method: [GET] URL: /api/getUserMenuList
[2020-04-24T19:22:53.794] [ERROR] default - req-query:{}
[2020-04-24T19:22:53.795] [ERROR] default - req-params:{}
[2020-04-24T19:22:53.796] [ERROR] default - req-body:{}
[2020-04-24T23:20:25.152] [INFO] default - traceId:62226f2f-21fa-47a8-93d2-74e4453b4ca9
[2020-04-24T23:20:25.222] [INFO] default - traceId:62226f2f-21fa-47a8-93d2-74e4453b4ca9
[2020-04-24T23:20:25.223] [INFO] default - host:localhost
[2020-04-24T23:20:25.223] [ERROR] default - method: [GET] URL: /api/getUserMenuList
[2020-04-24T23:20:25.223] [ERROR] default - req-query:{}
[2020-04-24T23:20:25.223] [ERROR] default - req-params:{}
[2020-04-24T23:20:25.223] [ERROR] default - req-body:{}
[2020-04-24T23:20:30.693] [INFO] default - traceId:52e8743a-a822-412e-a747-9472628a2a85
[2020-04-24T23:20:30.696] [INFO] default - [35msqlæ‰§è¡Œï¼š=> SELECT user_id, nick_name, phone, password, avatar, email FROM sys_user WHERE phone = 110[39m
[2020-04-24T23:20:30.892] [INFO] default - [35msqlæ‰§è¡Œï¼š=> INSERT INTO sys_login_logs (user_id, user_name, login_time, login_ip, login_address, login_description, login_agent) VALUES([39m
[35m      1,    [39m
[35m      'çŽ‹å¸Œå¹³',[39m
[35m      now(),[39m
[35m      'localhost',[39m
[35m      'æœ¬åœ°ç™»å…¥',[39m
[35m      'ç™»å½•æˆåŠŸï¼',[39m
[35m      'Mac 10.14.6'[39m
[35m    )[39m
[2020-04-24T23:20:31.106] [INFO] default - traceId:52e8743a-a822-412e-a747-9472628a2a85
[2020-04-24T23:20:31.107] [INFO] default - host:localhost
[2020-04-24T23:20:31.107] [INFO] default - method: [POST] URL: /api/login
[2020-04-24T23:20:31.108] [INFO] default - req-query:{}
[2020-04-24T23:20:31.108] [INFO] default - req-params:{}
[2020-04-24T23:20:31.108] [INFO] default - req-body:{"phone":110,"password":"123","code":"123456"}
[2020-04-24T23:20:31.224] [INFO] default - traceId:db4680fc-04c0-4b80-8c94-95dbefd99bcd
[2020-04-24T23:20:31.231] [INFO] default - [35msqlæ‰§è¡Œï¼š=> SELECT	sys_resource.*  FROM  sys_user_role[39m
[35m      INNER JOIN sys_role_permmision ON sys_user_role.role_id = sys_role_permmision.role_id[39m
[35m      INNER JOIN sys_resource ON sys_role_permmision.res_id = sys_resource.res_id[39m
[35m      WHERE user_id = 1 AND type < 3  GROUP BY res_id[39m
[2020-04-24T23:20:31.493] [INFO] default - [35msqlæ‰§è¡Œï¼š=> SELECT	sys_resource.perms FROM  sys_user_role[39m
[35m      INNER JOIN sys_role_permmision ON sys_user_role.role_id = sys_role_permmision.role_id[39m
[35m      INNER JOIN sys_resource ON sys_role_permmision.res_id = sys_resource.res_id[39m
[35m      WHERE user_id = 1 AND type > 1  GROUP BY perms[39m
[2020-04-24T23:20:31.645] [INFO] default - [35msqlæ‰§è¡Œï¼š=> SELECT user_id, nick_name, phone, password, avatar, email FROM sys_user WHERE user_id = 1[39m
[2020-04-24T23:20:32.016] [INFO] default - traceId:db4680fc-04c0-4b80-8c94-95dbefd99bcd
[2020-04-24T23:20:32.016] [INFO] default - host:localhost
[2020-04-24T23:20:32.016] [INFO] default - method: [GET] URL: /api/getUserMenuList
[2020-04-24T23:20:32.016] [INFO] default - req-query:{}
[2020-04-24T23:20:32.016] [INFO] default - req-params:{}
[2020-04-24T23:20:32.016] [INFO] default - req-body:{}
[2020-04-24T23:20:32.199] [INFO] default - traceId:f0d95c41-6a83-4a0d-a42a-129e28d0e29f
[2020-04-24T23:20:32.200] [INFO] default - [35msqlæ‰§è¡Œï¼š=> SELECT * FROM sys_role[39m
[2020-04-24T23:20:32.539] [INFO] default - traceId:f0d95c41-6a83-4a0d-a42a-129e28d0e29f
[2020-04-24T23:20:32.539] [INFO] default - host:localhost
[2020-04-24T23:20:32.539] [INFO] default - method: [GET] URL: /api/role/list
[2020-04-24T23:20:32.539] [INFO] default - req-query:{}
[2020-04-24T23:20:32.539] [INFO] default - req-params:{}
[2020-04-24T23:20:32.539] [INFO] default - req-body:{}
[2020-04-24T23:20:33.860] [INFO] default - traceId:332d6cdd-28d9-4867-9149-269173631450
[2020-04-24T23:20:33.862] [INFO] default - [35msqlæ‰§è¡Œï¼š=> SELECT role_id, user_id FROM sys_user_role WHERE user_id =1[39m
[2020-04-24T23:20:33.981] [INFO] default - [35msqlæ‰§è¡Œï¼š=> SELECT * FROM sys_login_logs ORDER BY login_time  DESC LIMIT 0, 10 [39m
[2020-04-24T23:20:34.084] [INFO] default - [35msqlæ‰§è¡Œï¼š=> SELECT COUNT(id) AS count FROM sys_login_logs[39m
[2020-04-24T23:20:34.175] [INFO] default - [35msqlæ‰§è¡Œï¼š=> SELECT * FROM sys_role[39m
[2020-04-24T23:20:34.285] [INFO] default - traceId:332d6cdd-28d9-4867-9149-269173631450
[2020-04-24T23:20:34.285] [INFO] default - host:localhost
[2020-04-24T23:20:34.286] [INFO] default - method: [GET] URL: /api/loginLogs/list?page=1&pageSize=10
[2020-04-24T23:20:34.286] [INFO] default - req-query:{}
[2020-04-24T23:20:34.286] [INFO] default - req-params:{}
[2020-04-24T23:20:34.286] [INFO] default - req-body:{}
[2020-04-24T23:21:08.254] [INFO] default - traceId:b3468c44-10f0-4d23-96fd-2ced5e926f21
[2020-04-24T23:21:08.255] [INFO] default - traceId:f0d4a684-9e0a-447a-9de1-bf8aee9c93c0
[2020-04-24T23:21:08.255] [INFO] default - [35msqlæ‰§è¡Œï¼š=> SELECT * FROM sys_role[39m
[2020-04-24T23:21:08.256] [INFO] default - [35msqlæ‰§è¡Œï¼š=> SELECT * FROM sys_user LIMIT 0, 10[39m
[2020-04-24T23:21:08.317] [INFO] default - traceId:b3468c44-10f0-4d23-96fd-2ced5e926f21
[2020-04-24T23:21:08.317] [INFO] default - host:localhost
[2020-04-24T23:21:08.317] [INFO] default - method: [GET] URL: /api/role/list
[2020-04-24T23:21:08.317] [INFO] default - req-query:{}
[2020-04-24T23:21:08.317] [INFO] default - req-params:{}
[2020-04-24T23:21:08.317] [INFO] default - req-body:{}
[2020-04-24T23:21:08.382] [INFO] default - [35msqlæ‰§è¡Œï¼š=> SELECT COUNT(user_id) AS count FROM sys_user;[39m
[2020-04-24T23:21:08.443] [INFO] default - [35msqlæ‰§è¡Œï¼š=> SELECT * FROM sys_user_role[39m
[2020-04-24T23:21:08.502] [INFO] default - [35msqlæ‰§è¡Œï¼š=> SELECT * FROM sys_role[39m
[2020-04-24T23:21:08.651] [INFO] default - traceId:f0d4a684-9e0a-447a-9de1-bf8aee9c93c0
[2020-04-24T23:21:08.651] [INFO] default - host:localhost
[2020-04-24T23:21:08.651] [INFO] default - method: [GET] URL: /api/user/list?page=1&pageSize=10&currentPage=1
[2020-04-24T23:21:08.651] [INFO] default - req-query:{"currentPage":"1"}
[2020-04-24T23:21:08.652] [INFO] default - req-params:{}
[2020-04-24T23:21:08.652] [INFO] default - req-body:{}
[2020-04-24T23:21:12.045] [INFO] default - traceId:2ebcb1eb-e3f8-46b6-8cfd-1fb334d347b0
[2020-04-24T23:21:12.047] [INFO] default - [35msqlæ‰§è¡Œï¼š=> SELECT * FROM sys_resource LIMIT 0, 10 [39m
[2020-04-24T23:21:12.168] [INFO] default - [35msqlæ‰§è¡Œï¼š=> SELECT COUNT(res_id) AS count FROM sys_resource;[39m
[2020-04-24T23:21:12.493] [INFO] default - [35msqlæ‰§è¡Œï¼š=> SELECT res_name, res_id, parent_id FROM sys_resource WHERE type < 3;[39m
[2020-04-24T23:21:12.573] [INFO] default - traceId:2ebcb1eb-e3f8-46b6-8cfd-1fb334d347b0
[2020-04-24T23:21:12.573] [INFO] default - host:localhost
[2020-04-24T23:21:12.573] [INFO] default - method: [GET] URL: /api/menu/list/?page=1&pageSize=10
[2020-04-24T23:21:12.573] [INFO] default - req-query:{}
[2020-04-24T23:21:12.573] [INFO] default - req-params:{}
[2020-04-24T23:21:12.573] [INFO] default - req-body:{}
[2020-04-24T23:21:12.617] [INFO] default - traceId:ee7f7421-0946-465b-8772-938b21b09d85
[2020-04-24T23:21:12.618] [INFO] default - [35msqlæ‰§è¡Œï¼š=> SELECT res_name, res_id, parent_id FROM sys_resource WHERE type < 3;[39m
[2020-04-24T23:21:12.674] [INFO] default - traceId:ee7f7421-0946-465b-8772-938b21b09d85
[2020-04-24T23:21:12.675] [INFO] default - host:localhost
[2020-04-24T23:21:12.675] [INFO] default - method: [GET] URL: /api/menu/selectMenuList
[2020-04-24T23:21:12.675] [INFO] default - req-query:{}
[2020-04-24T23:21:12.675] [INFO] default - req-params:{}
[2020-04-24T23:21:12.675] [INFO] default - req-body:{}
[2020-04-24T23:23:15.010] [INFO] default - traceId:63aa8116-c55b-462f-95ca-9927fb73abe1
[2020-04-24T23:23:15.018] [INFO] default - [35msqlæ‰§è¡Œï¼š=> SELECT	sys_resource.*  FROM  sys_user_role[39m
[35m      INNER JOIN sys_role_permmision ON sys_user_role.role_id = sys_role_permmision.role_id[39m
[35m      INNER JOIN sys_resource ON sys_role_permmision.res_id = sys_resource.res_id[39m
[35m      WHERE user_id = 1 AND type < 3  GROUP BY res_id[39m
[2020-04-24T23:23:15.372] [INFO] default - [35msqlæ‰§è¡Œï¼š=> SELECT	sys_resource.perms FROM  sys_user_role[39m
[35m      INNER JOIN sys_role_permmision ON sys_user_role.role_id = sys_role_permmision.role_id[39m
[35m      INNER JOIN sys_resource ON sys_role_permmision.res_id = sys_resource.res_id[39m
[35m      WHERE user_id = 1 AND type > 1  GROUP BY perms[39m
[2020-04-24T23:23:15.530] [INFO] default - [35msqlæ‰§è¡Œï¼š=> SELECT user_id, nick_name, phone, password, avatar, email FROM sys_user WHERE user_id = 1[39m
[2020-04-24T23:23:15.692] [INFO] default - traceId:63aa8116-c55b-462f-95ca-9927fb73abe1
[2020-04-24T23:23:15.692] [INFO] default - host:localhost
[2020-04-24T23:23:15.692] [INFO] default - method: [GET] URL: /api/getUserMenuList
[2020-04-24T23:23:15.692] [INFO] default - req-query:{}
[2020-04-24T23:23:15.692] [INFO] default - req-params:{}
[2020-04-24T23:23:15.692] [INFO] default - req-body:{}
[2020-04-24T23:23:15.904] [INFO] default - traceId:7e13b219-1c09-4e14-ba8d-14bc06df8eb5
[2020-04-24T23:23:15.906] [INFO] default - [35msqlæ‰§è¡Œï¼š=> SELECT * FROM sys_user LIMIT 0, 10[39m
[2020-04-24T23:23:15.907] [INFO] default - traceId:70c4638a-fb78-4746-b7a0-ae0cd9a1d6c4
[2020-04-24T23:23:15.913] [INFO] default - [35msqlæ‰§è¡Œï¼š=> SELECT * FROM sys_role[39m
[2020-04-24T23:23:16.315] [INFO] default - [35msqlæ‰§è¡Œï¼š=> SELECT COUNT(user_id) AS count FROM sys_user;[39m
[2020-04-24T23:23:16.515] [INFO] default - traceId:70c4638a-fb78-4746-b7a0-ae0cd9a1d6c4
[2020-04-24T23:23:16.515] [INFO] default - host:localhost
[2020-04-24T23:23:16.515] [INFO] default - method: [GET] URL: /api/role/list
[2020-04-24T23:23:16.515] [INFO] default - req-query:{}
[2020-04-24T23:23:16.515] [INFO] default - req-params:{}
[2020-04-24T23:23:16.515] [INFO] default - req-body:{}
[2020-04-24T23:23:16.697] [INFO] default - [35msqlæ‰§è¡Œï¼š=> SELECT * FROM sys_user_role[39m
[2020-04-24T23:23:16.846] [INFO] default - [35msqlæ‰§è¡Œï¼š=> SELECT * FROM sys_role[39m
[2020-04-24T23:23:17.169] [INFO] default - traceId:7e13b219-1c09-4e14-ba8d-14bc06df8eb5
[2020-04-24T23:23:17.169] [INFO] default - host:localhost
[2020-04-24T23:23:17.169] [INFO] default - method: [GET] URL: /api/user/list?page=1&pageSize=10&currentPage=1
[2020-04-24T23:23:17.170] [INFO] default - req-query:{"currentPage":"1"}
[2020-04-24T23:23:17.170] [INFO] default - req-params:{}
[2020-04-24T23:23:17.170] [INFO] default - req-body:{}
[2020-04-24T23:24:52.833] [INFO] default - traceId:35326da1-a7ec-4487-9c1c-255b127d39cb
[2020-04-24T23:24:52.842] [INFO] default - [35msqlæ‰§è¡Œï¼š=> SELECT	sys_resource.*  FROM  sys_user_role[39m
[35m      INNER JOIN sys_role_permmision ON sys_user_role.role_id = sys_role_permmision.role_id[39m
[35m      INNER JOIN sys_resource ON sys_role_permmision.res_id = sys_resource.res_id[39m
[35m      WHERE user_id = 1 AND type < 3  GROUP BY res_id[39m
[2020-04-24T23:24:52.986] [INFO] default - [35msqlæ‰§è¡Œï¼š=> SELECT	sys_resource.perms FROM  sys_user_role[39m
[35m      INNER JOIN sys_role_permmision ON sys_user_role.role_id = sys_role_permmision.role_id[39m
[35m      INNER JOIN sys_resource ON sys_role_permmision.res_id = sys_resource.res_id[39m
[35m      WHERE user_id = 1 AND type > 1  GROUP BY perms[39m
[2020-04-24T23:24:53.075] [INFO] default - [35msqlæ‰§è¡Œï¼š=> SELECT user_id, nick_name, phone, password, avatar, email FROM sys_user WHERE user_id = 1[39m
[2020-04-24T23:24:53.155] [INFO] default - traceId:35326da1-a7ec-4487-9c1c-255b127d39cb
[2020-04-24T23:24:53.156] [INFO] default - host:localhost
[2020-04-24T23:24:53.156] [INFO] default - method: [GET] URL: /api/getUserMenuList
[2020-04-24T23:24:53.156] [INFO] default - req-query:{}
[2020-04-24T23:24:53.156] [INFO] default - req-params:{}
[2020-04-24T23:24:53.156] [INFO] default - req-body:{}
[2020-04-24T23:24:53.378] [INFO] default - traceId:eadad63a-52d5-4c0f-96d1-e4ef5cb0bf34
[2020-04-24T23:24:53.382] [INFO] default - [35msqlæ‰§è¡Œï¼š=> SELECT * FROM sys_user LIMIT 0, 10[39m
[2020-04-24T23:24:53.457] [INFO] default - traceId:e7eeac04-8d7c-477e-afd0-f9c4fd0f69c3
[2020-04-24T23:24:53.458] [INFO] default - [35msqlæ‰§è¡Œï¼š=> SELECT * FROM sys_role[39m
[2020-04-24T23:24:53.638] [INFO] default - [35msqlæ‰§è¡Œï¼š=> SELECT COUNT(user_id) AS count FROM sys_user;[39m
[2020-04-24T23:24:53.687] [INFO] default - traceId:e7eeac04-8d7c-477e-afd0-f9c4fd0f69c3
[2020-04-24T23:24:53.687] [INFO] default - host:localhost
[2020-04-24T23:24:53.687] [INFO] default - method: [GET] URL: /api/role/list
[2020-04-24T23:24:53.688] [INFO] default - req-query:{}
[2020-04-24T23:24:53.688] [INFO] default - req-params:{}
[2020-04-24T23:24:53.688] [INFO] default - req-body:{}
[2020-04-24T23:24:53.726] [INFO] default - [35msqlæ‰§è¡Œï¼š=> SELECT * FROM sys_user_role[39m
[2020-04-24T23:24:53.807] [INFO] default - [35msqlæ‰§è¡Œï¼š=> SELECT * FROM sys_role[39m
[2020-04-24T23:24:53.869] [INFO] default - traceId:eadad63a-52d5-4c0f-96d1-e4ef5cb0bf34
[2020-04-24T23:24:53.870] [INFO] default - host:localhost
[2020-04-24T23:24:53.870] [INFO] default - method: [GET] URL: /api/user/list?page=1&pageSize=10&currentPage=1
[2020-04-24T23:24:53.870] [INFO] default - req-query:{"currentPage":"1"}
[2020-04-24T23:24:53.870] [INFO] default - req-params:{}
[2020-04-24T23:24:53.870] [INFO] default - req-body:{}
