[2020-04-17T09:16:15.410] [INFO] default - traceId:64a0d05a-27ed-475e-a8d7-d0f8f1aa5046
[2020-04-17T09:16:15.414] [INFO] default - [35msqlæ‰§è¡Œï¼š=> SELECT user_id, nick_name, phone, password, avatar, email FROM sys_user WHERE phone = 13076897374[39m
[2020-04-17T09:16:15.455] [INFO] default - [35msqlæ‰§è¡Œï¼š=> INSERT INTO sys_login_logs (user_id, user_name, login_time, login_ip, login_address, login_description, login_agent) VALUES([39m
[35m      1,    [39m
[35m      'çŽ‹å¸Œå¹³',[39m
[35m      now(),[39m
[35m      '127.0.0.1',[39m
[35m      'æœ¬åœ°ç™»å…¥',[39m
[35m      'ç™»å½•æˆåŠŸï¼',[39m
[35m      'Postman'[39m
[35m    )[39m
[2020-04-17T09:16:15.510] [INFO] default - traceId:64a0d05a-27ed-475e-a8d7-d0f8f1aa5046
[2020-04-17T09:16:15.512] [INFO] default - host:127.0.0.1
[2020-04-17T09:16:15.513] [INFO] default - method: [POST] URL: /api/login
[2020-04-17T09:16:15.513] [INFO] default - req-query:{}
[2020-04-17T09:16:15.514] [INFO] default - req-params:{}
[2020-04-17T09:16:15.514] [INFO] default - req-body:{"phone":"13076897374","password":"123"}
[2020-04-17T09:16:31.938] [INFO] default - traceId:d8a55277-343a-49c8-9eff-3a3245b4f11f
[2020-04-17T09:16:31.939] [INFO] default - traceId:d8a55277-343a-49c8-9eff-3a3245b4f11f
[2020-04-17T09:16:31.940] [INFO] default - host:127.0.0.1
[2020-04-17T09:16:31.941] [ERROR] default - method: [POST] URL: /api/test?page=1&pageSize=3
[2020-04-17T09:16:31.941] [ERROR] default - req-query:{"page":"1","pageSize":"3"}
[2020-04-17T09:16:31.942] [ERROR] default - req-params:{}
[2020-04-17T09:16:31.942] [ERROR] default - req-body:{}
[2020-04-17T09:16:39.040] [INFO] default - traceId:2fa40e86-9a5b-4e91-a1cd-fba7569da306
[2020-04-17T09:17:01.424] [INFO] default - traceId:54969c28-a93e-4f1c-8f56-14b2060ef185
[2020-04-17T09:19:56.296] [INFO] default - traceId:46c070fc-52bf-4a87-8902-26986fe5caa8
[2020-04-17T09:20:49.315] [INFO] default - traceId:075927b3-59cf-43b0-a290-2fbb52d66fc0
[2020-04-17T09:21:16.296] [INFO] default - traceId:693d1c09-1b1c-466e-b32e-83fb46633be5
[2020-04-17T09:22:28.208] [INFO] default - traceId:83c18eba-8d78-4f62-80a2-b9801b8b67aa
[2020-04-17T09:22:41.721] [INFO] default - traceId:e6505c5b-d28e-4fca-b1f1-85167b321d7e
[2020-04-17T09:22:58.844] [INFO] default - traceId:cd0889c6-8ed0-4ac5-8251-a48a9c87f0e0
[2020-04-17T09:23:23.088] [INFO] default - traceId:781f053d-c5d1-4041-bd93-51ac4c840af3
[2020-04-17T09:24:03.992] [INFO] default - traceId:e42750b1-e8de-4788-a1af-18d40d5a6c1d
[2020-04-17T09:25:07.237] [INFO] default - traceId:28718291-9d13-42ae-911b-fe0b26064d84
[2020-04-17T09:25:38.279] [INFO] default - traceId:a21a08fe-4fd0-43fa-b4d1-3aa3930a4777
[2020-04-17T09:29:05.944] [INFO] default - traceId:d7042748-b3ad-43cf-b563-bff87513ff88
[2020-04-17T09:29:27.566] [INFO] default - traceId:f29b1ed0-76d7-4e0f-b5cd-2939d9f1711c
[2020-04-17T09:30:12.354] [INFO] default - traceId:3869414a-fd1e-4399-86ef-6f61b8da3866
[2020-04-17T09:30:36.374] [INFO] default - traceId:ca499a57-001b-4125-8f0c-c099887265e4
[2020-04-17T09:33:06.569] [INFO] default - traceId:680a921e-032b-4ea2-8770-d625d42559ad
[2020-04-17T09:39:57.810] [INFO] default - traceId:10883c22-3553-4f19-afc8-f5a14f06d5d6
[2020-04-17T09:40:31.474] [INFO] default - traceId:bb10012d-6ade-4b77-9362-e1ab9cbf6093
[2020-04-17T09:41:48.438] [INFO] default - traceId:3d991a41-7499-4c4c-b27a-4ccfb451c043
[2020-04-17T09:42:01.459] [INFO] default - traceId:0e4e29d0-36f0-4e8c-89e9-fbb69f22e47e
[2020-04-17T09:42:13.753] [INFO] default - traceId:a34b5189-3be0-4636-bd59-17d2bf49eb37
[2020-04-17T09:56:46.268] [INFO] default - traceId:6c555072-ea9d-4662-aba2-9cf679a14e7a
[2020-04-17T09:56:46.278] [INFO] default - [35msqlæ‰§è¡Œï¼š=> SELECT * FROM sys_resource LIMIT 0, NULL;[39m
[2020-04-17T09:57:32.543] [INFO] default - traceId:c421f2dc-d602-49b4-8ce2-1e1a5d486332
[2020-04-17T09:57:32.553] [INFO] default - [35msqlæ‰§è¡Œï¼š=> SELECT * FROM sys_resource LIMIT 0, NULL;[39m
[2020-04-17T09:58:06.908] [INFO] default - traceId:5881235a-3112-47ee-a7c4-9850b102e2fb
[2020-04-17T09:58:06.917] [INFO] default - [35msqlæ‰§è¡Œï¼š=> SELECT * FROM sys_resource LIMIT 0, NULL [39m
[2020-04-17T09:58:17.240] [INFO] default - traceId:d7ae5bfa-315c-430a-9b00-db3387d1fa1d
[2020-04-17T09:58:17.253] [INFO] default - [35msqlæ‰§è¡Œï¼š=> SELECT * FROM sys_resource LIMIT 0, NULL [39m
[2020-04-17T09:58:53.009] [INFO] default - traceId:c801646d-9fa5-4c28-8335-fc2f41d803dc
[2020-04-17T09:58:53.022] [INFO] default - [35msqlæ‰§è¡Œï¼š=> SELECT * FROM sys_resource LIMIT 0, NULL and %res_id% like[39m
[2020-04-17T09:59:37.965] [INFO] default - traceId:f51c01d6-59fe-4a69-a359-f4a6fc9a7f29
[2020-04-17T09:59:37.974] [INFO] default - [35msqlæ‰§è¡Œï¼š=> SELECT * FROM sys_resource LIMIT 0, NULL [39m
[2020-04-17T09:59:53.119] [INFO] default - traceId:489048a0-fa1a-48ce-86ad-fcddda6d6f6d
[2020-04-17T09:59:53.128] [INFO] default - [35msqlæ‰§è¡Œï¼š=> SELECT * FROM sys_resource LIMIT 0, NULL [39m
[2020-04-17T10:00:17.254] [INFO] default - traceId:7c133307-5816-40c4-a665-c554b0bc6b7d
[2020-04-17T10:00:17.265] [INFO] default - [35msqlæ‰§è¡Œï¼š=> SELECT * FROM sys_resource LIMIT 0, NULL [39m
[2020-04-17T10:01:07.477] [INFO] default - traceId:75947895-9602-41c9-b281-7dcbdef508b4
[2020-04-17T10:01:07.487] [INFO] default - [35msqlæ‰§è¡Œï¼š=> SELECT * FROM sys_resource LIMIT 0, NULL [39m
[2020-04-17T10:01:32.720] [INFO] default - traceId:737295cc-b181-40c5-8068-d5ac52a2bf34
[2020-04-17T10:01:32.732] [INFO] default - [35msqlæ‰§è¡Œï¼š=> SELECT * FROM sys_resource LIMIT 0, 10 [39m
[2020-04-17T10:01:32.770] [INFO] default - [35msqlæ‰§è¡Œï¼š=> SELECT COUNT(res_id) AS count FROM sys_resource;[39m
[2020-04-17T10:02:35.890] [INFO] default - traceId:b588b3a2-e84e-49fc-a87f-f9efe0684556
[2020-04-17T10:02:35.902] [INFO] default - [35msqlæ‰§è¡Œï¼š=> SELECT * FROM sys_resource LIMIT 0, 10 [39m
[2020-04-17T10:02:35.932] [INFO] default - [35msqlæ‰§è¡Œï¼š=> SELECT COUNT(res_id) AS count FROM sys_resource;[39m
[2020-04-17T10:02:35.963] [INFO] default - traceId:b588b3a2-e84e-49fc-a87f-f9efe0684556
[2020-04-17T10:02:35.963] [INFO] default - host:127.0.0.1
[2020-04-17T10:02:35.964] [INFO] default - method: [POST] URL: /api/test?res_id=1
[2020-04-17T10:02:35.965] [INFO] default - req-query:{"res_id":"1"}
[2020-04-17T10:02:35.966] [INFO] default - req-params:{}
[2020-04-17T10:02:35.966] [INFO] default - req-body:{}
[2020-04-17T10:02:48.407] [INFO] default - traceId:bbae3c00-2bcd-465c-9d9c-264fe98e6110
[2020-04-17T10:02:48.415] [INFO] default - [35msqlæ‰§è¡Œï¼š=> SELECT * FROM sys_resource LIMIT 0, 3 [39m
[2020-04-17T10:02:48.445] [INFO] default - [35msqlæ‰§è¡Œï¼š=> SELECT COUNT(res_id) AS count FROM sys_resource;[39m
[2020-04-17T10:02:48.478] [INFO] default - traceId:bbae3c00-2bcd-465c-9d9c-264fe98e6110
[2020-04-17T10:02:48.479] [INFO] default - host:127.0.0.1
[2020-04-17T10:02:48.480] [INFO] default - method: [POST] URL: /api/test?page=1&pageSize=3&res_id=1
[2020-04-17T10:02:48.481] [INFO] default - req-query:{"page":"1","pageSize":"3","res_id":"1"}
[2020-04-17T10:02:48.482] [INFO] default - req-params:{}
[2020-04-17T10:02:48.483] [INFO] default - req-body:{}
[2020-04-17T10:05:34.455] [INFO] default - traceId:ae12cbe4-e1fc-4e4b-b3a2-080706713ad7
[2020-04-17T10:05:34.469] [INFO] default - [35msqlæ‰§è¡Œï¼š=> SELECT * FROM sys_resource LIMIT 0, 3 [39m
[2020-04-17T10:05:34.506] [INFO] default - [35msqlæ‰§è¡Œï¼š=> SELECT COUNT(res_id) AS count FROM sys_resource;[39m
[2020-04-17T10:05:34.541] [INFO] default - traceId:ae12cbe4-e1fc-4e4b-b3a2-080706713ad7
[2020-04-17T10:05:34.543] [INFO] default - host:127.0.0.1
[2020-04-17T10:05:34.544] [INFO] default - method: [POST] URL: /api/test?page=1&pageSize=3&res_id=1
[2020-04-17T10:05:34.545] [INFO] default - req-query:{"page":"1","pageSize":"3","res_id":"1"}
[2020-04-17T10:05:34.546] [INFO] default - req-params:{}
[2020-04-17T10:05:34.547] [INFO] default - req-body:{}
[2020-04-17T10:06:02.808] [INFO] default - traceId:9767d6af-36e4-4062-82c3-d001e88ad6f8
[2020-04-17T10:06:02.817] [INFO] default - [35msqlæ‰§è¡Œï¼š=> SELECT * FROM sys_resource LIMIT 0, 3 [39m
[2020-04-17T10:06:02.851] [INFO] default - [35msqlæ‰§è¡Œï¼š=> SELECT COUNT(res_id) AS count FROM sys_resource;[39m
[2020-04-17T10:06:10.950] [INFO] default - traceId:78d4afd7-4f10-4a18-b9d4-ee459f0f5119
[2020-04-17T10:06:10.961] [INFO] default - [35msqlæ‰§è¡Œï¼š=> SELECT * FROM sys_resource LIMIT 0, 3 [39m
[2020-04-17T10:06:10.996] [INFO] default - [35msqlæ‰§è¡Œï¼š=> SELECT COUNT(res_id) AS count FROM sys_resource;[39m
[2020-04-17T10:06:11.036] [INFO] default - traceId:78d4afd7-4f10-4a18-b9d4-ee459f0f5119
[2020-04-17T10:06:11.037] [INFO] default - host:127.0.0.1
[2020-04-17T10:06:11.038] [INFO] default - method: [POST] URL: /api/test?page=1&pageSize=3&res_id=1
[2020-04-17T10:06:11.038] [INFO] default - req-query:{"page":"1","pageSize":"3","res_id":"1"}
[2020-04-17T10:06:11.039] [INFO] default - req-params:{}
[2020-04-17T10:06:11.039] [INFO] default - req-body:{}
[2020-04-17T10:08:26.779] [INFO] default - traceId:e8f6614c-83f4-40bc-8f4b-7f2deb501afe
[2020-04-17T10:08:26.789] [INFO] default - [35msqlæ‰§è¡Œï¼š=> SELECT * FROM sys_resource LIMIT 0, 3 [39m
[2020-04-17T10:08:26.821] [INFO] default - [35msqlæ‰§è¡Œï¼š=> SELECT COUNT(res_id) AS count FROM sys_resource;[39m
[2020-04-17T10:08:26.851] [INFO] default - traceId:e8f6614c-83f4-40bc-8f4b-7f2deb501afe
[2020-04-17T10:08:26.852] [INFO] default - host:127.0.0.1
[2020-04-17T10:08:26.853] [INFO] default - method: [POST] URL: /api/test?page=1&pageSize=3&res_id=1
[2020-04-17T10:08:26.853] [INFO] default - req-query:{"page":"1","pageSize":"3","res_id":"1"}
[2020-04-17T10:08:26.854] [INFO] default - req-params:{}
[2020-04-17T10:08:26.855] [INFO] default - req-body:{}
[2020-04-17T10:10:53.237] [INFO] default - traceId:1f9e8538-38c4-4233-b2e4-f80ac43fec93
[2020-04-17T10:10:53.246] [INFO] default - [35msqlæ‰§è¡Œï¼š=> SELECT * FROM sys_resource LIMIT 0, 3 [39m
[2020-04-17T10:10:53.275] [INFO] default - [35msqlæ‰§è¡Œï¼š=> SELECT COUNT(res_id) AS count FROM sys_resource;[39m
[2020-04-17T10:10:53.301] [INFO] default - traceId:1f9e8538-38c4-4233-b2e4-f80ac43fec93
[2020-04-17T10:10:53.303] [INFO] default - host:127.0.0.1
[2020-04-17T10:10:53.304] [INFO] default - method: [POST] URL: /api/test?page=1&pageSize=3&res_id=1
[2020-04-17T10:10:53.304] [INFO] default - req-query:{"page":"1","pageSize":"3","res_id":"1"}
[2020-04-17T10:10:53.305] [INFO] default - req-params:{}
[2020-04-17T10:10:53.305] [INFO] default - req-body:{}
[2020-04-17T10:11:06.321] [INFO] default - traceId:74dcdd95-7ff0-47ff-a693-ab88e098623b
[2020-04-17T10:11:06.333] [INFO] default - [35msqlæ‰§è¡Œï¼š=> SELECT * FROM sys_resource LIMIT 0, 3 [39m
[2020-04-17T10:11:06.371] [INFO] default - [35msqlæ‰§è¡Œï¼š=> SELECT COUNT(res_id) AS count FROM sys_resource;[39m
[2020-04-17T10:11:06.406] [INFO] default - traceId:74dcdd95-7ff0-47ff-a693-ab88e098623b
[2020-04-17T10:11:06.407] [INFO] default - host:127.0.0.1
[2020-04-17T10:11:06.407] [INFO] default - method: [POST] URL: /api/test?page=1&pageSize=3&res_id=1
[2020-04-17T10:11:06.408] [INFO] default - req-query:{"page":"1","pageSize":"3","res_id":"1"}
[2020-04-17T10:11:06.409] [INFO] default - req-params:{}
[2020-04-17T10:11:06.409] [INFO] default - req-body:{}
[2020-04-17T10:11:53.131] [INFO] default - traceId:abfd9541-29cc-4214-98dc-fa4f58d94442
[2020-04-17T10:11:53.141] [INFO] default - [35msqlæ‰§è¡Œï¼š=> SELECT * FROM sys_resource LIMIT 0, 3 [39m
[2020-04-17T10:11:53.174] [INFO] default - [35msqlæ‰§è¡Œï¼š=> SELECT COUNT(res_id) AS count FROM sys_resource;[39m
[2020-04-17T10:11:53.205] [INFO] default - traceId:abfd9541-29cc-4214-98dc-fa4f58d94442
[2020-04-17T10:11:53.206] [INFO] default - host:127.0.0.1
[2020-04-17T10:11:53.207] [INFO] default - method: [POST] URL: /api/test?page=1&pageSize=3&res_id=1
[2020-04-17T10:11:53.207] [INFO] default - req-query:{"page":"1","pageSize":"3","res_id":"1"}
[2020-04-17T10:11:53.208] [INFO] default - req-params:{}
[2020-04-17T10:11:53.208] [INFO] default - req-body:{}
[2020-04-17T10:12:15.300] [INFO] default - traceId:65b7764d-5ddb-4e7b-bf34-143f347c96c8
[2020-04-17T10:12:15.310] [INFO] default - [35msqlæ‰§è¡Œï¼š=> SELECT * FROM sys_resource LIMIT 0, 3 [39m
[2020-04-17T10:12:15.346] [INFO] default - [35msqlæ‰§è¡Œï¼š=> SELECT COUNT(res_id) AS count FROM sys_resource;[39m
[2020-04-17T10:12:15.380] [INFO] default - traceId:65b7764d-5ddb-4e7b-bf34-143f347c96c8
[2020-04-17T10:12:15.381] [INFO] default - host:127.0.0.1
[2020-04-17T10:12:15.381] [INFO] default - method: [POST] URL: /api/test?page=1&pageSize=3&res_id=1
[2020-04-17T10:12:15.382] [INFO] default - req-query:{"page":"1","pageSize":"3","res_id":"1"}
[2020-04-17T10:12:15.382] [INFO] default - req-params:{}
[2020-04-17T10:12:15.383] [INFO] default - req-body:{}
[2020-04-17T10:12:31.117] [INFO] default - traceId:00d7d624-6309-4c66-b901-8008c41cff37
[2020-04-17T10:12:31.139] [INFO] default - [35msqlæ‰§è¡Œï¼š=> SELECT * FROM sys_resource LIMIT 0, 3 [39m
[2020-04-17T10:12:31.174] [INFO] default - [35msqlæ‰§è¡Œï¼š=> SELECT COUNT(res_id) AS count FROM sys_resource;[39m
[2020-04-17T10:12:31.207] [INFO] default - traceId:00d7d624-6309-4c66-b901-8008c41cff37
[2020-04-17T10:12:31.210] [INFO] default - host:127.0.0.1
[2020-04-17T10:12:31.210] [INFO] default - method: [POST] URL: /api/test?page=1&pageSize=3&res_id=1
[2020-04-17T10:12:31.211] [INFO] default - req-query:{"page":"1","pageSize":"3","res_id":"1"}
[2020-04-17T10:12:31.212] [INFO] default - req-params:{}
[2020-04-17T10:12:31.212] [INFO] default - req-body:{}
[2020-04-17T10:12:39.484] [INFO] default - traceId:1f968506-2f38-4353-8c05-e50423d6e965
[2020-04-17T10:12:39.502] [INFO] default - [35msqlæ‰§è¡Œï¼š=> SELECT * FROM sys_resource LIMIT 0, 3 [39m
[2020-04-17T10:12:39.539] [INFO] default - [35msqlæ‰§è¡Œï¼š=> SELECT COUNT(res_id) AS count FROM sys_resource;[39m
[2020-04-17T10:12:39.574] [INFO] default - traceId:1f968506-2f38-4353-8c05-e50423d6e965
[2020-04-17T10:12:39.575] [INFO] default - host:127.0.0.1
[2020-04-17T10:12:39.576] [INFO] default - method: [POST] URL: /api/test?page=1&pageSize=3&res_id=1
[2020-04-17T10:12:39.576] [INFO] default - req-query:{"page":"1","pageSize":"3","res_id":"1"}
[2020-04-17T10:12:39.577] [INFO] default - req-params:{}
[2020-04-17T10:12:39.579] [INFO] default - req-body:{}
[2020-04-17T10:12:46.941] [INFO] default - traceId:c4f45fde-7b0a-433e-ac00-e16492863a49
[2020-04-17T10:12:46.951] [INFO] default - [35msqlæ‰§è¡Œï¼š=> SELECT * FROM sys_resource LIMIT 0, 3 [39m
[2020-04-17T10:12:46.982] [INFO] default - [35msqlæ‰§è¡Œï¼š=> SELECT COUNT(res_id) AS count FROM sys_resource;[39m
[2020-04-17T10:12:47.017] [INFO] default - traceId:c4f45fde-7b0a-433e-ac00-e16492863a49
[2020-04-17T10:12:47.018] [INFO] default - host:127.0.0.1
[2020-04-17T10:12:47.019] [INFO] default - method: [POST] URL: /api/test?page=1&pageSize=3&res_id=1
[2020-04-17T10:12:47.020] [INFO] default - req-query:{"page":"1","pageSize":"3","res_id":"1"}
[2020-04-17T10:12:47.021] [INFO] default - req-params:{}
[2020-04-17T10:12:47.022] [INFO] default - req-body:{}
[2020-04-17T10:13:09.587] [INFO] default - traceId:a91c9bae-e3ec-402a-9da7-5f772c3bfcc0
[2020-04-17T10:13:09.599] [INFO] default - [35msqlæ‰§è¡Œï¼š=> SELECT * FROM sys_resource LIMIT 0, 3 [39m
[2020-04-17T10:13:09.632] [INFO] default - [35msqlæ‰§è¡Œï¼š=> SELECT COUNT(res_id) AS count FROM sys_resource;[39m
[2020-04-17T10:13:09.663] [INFO] default - traceId:a91c9bae-e3ec-402a-9da7-5f772c3bfcc0
[2020-04-17T10:13:09.667] [INFO] default - host:127.0.0.1
[2020-04-17T10:13:09.669] [INFO] default - method: [POST] URL: /api/test?page=1&pageSize=3&res_id=1
[2020-04-17T10:13:09.670] [INFO] default - req-query:{"page":"1","pageSize":"3","res_id":"1"}
[2020-04-17T10:13:09.672] [INFO] default - req-params:{}
[2020-04-17T10:13:09.674] [INFO] default - req-body:{}
[2020-04-17T10:13:34.022] [INFO] default - traceId:d9956bcd-2deb-42db-abd3-2159adce74b4
[2020-04-17T10:13:34.037] [INFO] default - [35msqlæ‰§è¡Œï¼š=> SELECT * FROM sys_resource LIMIT 0, 3 [39m
[2020-04-17T10:13:34.076] [INFO] default - [35msqlæ‰§è¡Œï¼š=> SELECT COUNT(res_id) AS count FROM sys_resource;[39m
[2020-04-17T10:13:42.607] [INFO] default - traceId:cd76869a-85e6-48f4-b199-b06b6306b4ac
[2020-04-17T10:13:42.620] [INFO] default - [35msqlæ‰§è¡Œï¼š=> SELECT * FROM sys_resource LIMIT 0, 3 [39m
[2020-04-17T10:13:42.653] [INFO] default - [35msqlæ‰§è¡Œï¼š=> SELECT COUNT(res_id) AS count FROM sys_resource;[39m
[2020-04-17T10:13:42.683] [INFO] default - traceId:cd76869a-85e6-48f4-b199-b06b6306b4ac
[2020-04-17T10:13:42.684] [INFO] default - host:127.0.0.1
[2020-04-17T10:13:42.685] [INFO] default - method: [POST] URL: /api/test?page=1&pageSize=3&res_id=1
[2020-04-17T10:13:42.685] [INFO] default - req-query:{"page":"1","pageSize":"3","res_id":"1"}
[2020-04-17T10:13:42.686] [INFO] default - req-params:{}
[2020-04-17T10:13:42.686] [INFO] default - req-body:{}
[2020-04-17T10:13:52.896] [INFO] default - traceId:7f95ba35-74d8-4aa5-9f40-49f3285dd917
[2020-04-17T10:13:52.899] [INFO] default - [35msqlæ‰§è¡Œï¼š=> SELECT * FROM sys_resource LIMIT 0, 1 [39m
[2020-04-17T10:13:52.931] [INFO] default - [35msqlæ‰§è¡Œï¼š=> SELECT COUNT(res_id) AS count FROM sys_resource;[39m
[2020-04-17T10:13:52.962] [INFO] default - traceId:7f95ba35-74d8-4aa5-9f40-49f3285dd917
[2020-04-17T10:13:52.964] [INFO] default - host:127.0.0.1
[2020-04-17T10:13:52.968] [INFO] default - method: [POST] URL: /api/test?page=1&pageSize=1&res_id=1
[2020-04-17T10:13:52.970] [INFO] default - req-query:{"page":"1","pageSize":"1","res_id":"1"}
[2020-04-17T10:13:52.972] [INFO] default - req-params:{}
[2020-04-17T10:13:52.974] [INFO] default - req-body:{}
[2020-04-17T10:14:01.354] [INFO] default - traceId:a96b46ef-9dbf-428c-ad88-363b3d1d12f0
[2020-04-17T10:14:01.358] [INFO] default - [35msqlæ‰§è¡Œï¼š=> SELECT * FROM sys_resource LIMIT 0, 5 [39m
[2020-04-17T10:14:01.390] [INFO] default - [35msqlæ‰§è¡Œï¼š=> SELECT COUNT(res_id) AS count FROM sys_resource;[39m
[2020-04-17T10:14:01.420] [INFO] default - traceId:a96b46ef-9dbf-428c-ad88-363b3d1d12f0
[2020-04-17T10:14:01.420] [INFO] default - host:127.0.0.1
[2020-04-17T10:14:01.421] [INFO] default - method: [POST] URL: /api/test?page=1&pageSize=5&res_id=1
[2020-04-17T10:14:01.422] [INFO] default - req-query:{"page":"1","pageSize":"5","res_id":"1"}
[2020-04-17T10:14:01.422] [INFO] default - req-params:{}
[2020-04-17T10:14:01.423] [INFO] default - req-body:{}
[2020-04-17T10:14:21.083] [INFO] default - traceId:60375ee6-9917-4a95-8636-7d94856c3c10
[2020-04-17T10:14:21.097] [INFO] default - [35msqlæ‰§è¡Œï¼š=> SELECT * FROM sys_resource LIMIT 0, 5 [39m
[2020-04-17T10:14:21.131] [INFO] default - [35msqlæ‰§è¡Œï¼š=> SELECT COUNT(res_id) AS count FROM sys_resource;[39m
[2020-04-17T10:14:29.848] [INFO] default - traceId:f8b04aa8-1a1b-440a-9152-97c7f905855c
[2020-04-17T10:14:29.862] [INFO] default - [35msqlæ‰§è¡Œï¼š=> SELECT * FROM sys_resource LIMIT 0, 5 [39m
[2020-04-17T10:14:29.898] [INFO] default - [35msqlæ‰§è¡Œï¼š=> SELECT COUNT(res_id) AS count FROM sys_resource;[39m
[2020-04-17T10:14:29.927] [INFO] default - traceId:f8b04aa8-1a1b-440a-9152-97c7f905855c
[2020-04-17T10:14:29.935] [INFO] default - host:127.0.0.1
[2020-04-17T10:14:29.937] [INFO] default - method: [POST] URL: /api/test?page=1&pageSize=5&res_id=1
[2020-04-17T10:14:29.938] [INFO] default - req-query:{"page":"1","pageSize":"5","res_id":"1"}
[2020-04-17T10:14:29.938] [INFO] default - req-params:{}
[2020-04-17T10:14:29.939] [INFO] default - req-body:{}
[2020-04-17T10:15:09.363] [INFO] default - traceId:d1601452-8b86-4373-9bb6-2d7e49884baf
[2020-04-17T10:15:09.373] [INFO] default - [35msqlæ‰§è¡Œï¼š=> SELECT * FROM sys_resource LIMIT 0, 5 [39m
[2020-04-17T10:15:09.407] [INFO] default - [35msqlæ‰§è¡Œï¼š=> SELECT COUNT(res_id) AS count FROM sys_resource;[39m
[2020-04-17T10:15:09.438] [INFO] default - traceId:d1601452-8b86-4373-9bb6-2d7e49884baf
[2020-04-17T10:15:09.441] [INFO] default - host:127.0.0.1
[2020-04-17T10:15:09.442] [INFO] default - method: [POST] URL: /api/test?page=1&pageSize=5&res_id=1
[2020-04-17T10:15:09.443] [INFO] default - req-query:{"page":"1","pageSize":"5","res_id":"1"}
[2020-04-17T10:15:09.444] [INFO] default - req-params:{}
[2020-04-17T10:15:09.444] [INFO] default - req-body:{}
[2020-04-17T10:15:43.156] [INFO] default - traceId:af9630ca-cb15-450b-b081-58218fe3f305
[2020-04-17T10:15:43.166] [INFO] default - [35msqlæ‰§è¡Œï¼š=> SELECT * FROM sys_resource LIMIT 0, 5 [39m
[2020-04-17T10:15:43.203] [INFO] default - [35msqlæ‰§è¡Œï¼š=> SELECT COUNT(res_id) AS count FROM sys_resource;[39m
[2020-04-17T10:15:43.238] [INFO] default - traceId:af9630ca-cb15-450b-b081-58218fe3f305
[2020-04-17T10:15:43.239] [INFO] default - host:127.0.0.1
[2020-04-17T10:15:43.241] [INFO] default - method: [POST] URL: /api/test?page=1&pageSize=5&res_id=1
[2020-04-17T10:15:43.242] [INFO] default - req-query:{"page":"1","pageSize":"5","res_id":"1"}
[2020-04-17T10:15:43.244] [INFO] default - req-params:{}
[2020-04-17T10:15:43.246] [INFO] default - req-body:{}
